C51 COMPILER V9.54   INT0                                                                  12/31/2022 16:50:15 PAGE 1   


C51 COMPILER V9.54, COMPILATION OF MODULE INT0
OBJECT MODULE PLACED IN .\Objects\Int0.obj
COMPILER INVOKED BY: E:\shudian2\5\C51\BIN\C51.EXE Int0.c OPTIMIZE(8,SPEED) BROWSE DEBUG OBJECTEXTEND PRINT(.\Listings\I
                    -nt0.lst) TABS(6) OBJECT(.\Objects\Int0.obj)

line level    source

   1          #include <REGX52.H>
   2          
   3          
   4          
   5          
   6          /**
   7            *@brief   外部中断0初始化
   8            *@param   void
   9            *@return  void
  10           */
  11          void Int0_Init()
  12          {
  13   1            IT0 = 1;
  14   1            IE0 = 0;
  15   1            EX0 = 1;
  16   1            EA = 1;
  17   1            PX0 = 1;
  18   1      }
  19          
  20          
  21          //中断模板
  22          //void Int0_Routine() interrupt 0
  23          //{
  24          
  25          //}


MODULE INFORMATION:   STATIC OVERLAYABLE
   CODE SIZE        =     11    ----
   CONSTANT SIZE    =   ----    ----
   XDATA SIZE       =   ----    ----
   PDATA SIZE       =   ----    ----
   DATA SIZE        =   ----    ----
   IDATA SIZE       =   ----    ----
   BIT SIZE         =   ----    ----
END OF MODULE INFORMATION.


C51 COMPILATION COMPLETE.  0 WARNING(S),  0 ERROR(S)
