C51 COMPILER V9.54   IR                                                                    12/31/2022 22:54:37 PAGE 1   


C51 COMPILER V9.54, COMPILATION OF MODULE IR
OBJECT MODULE PLACED IN .\Objects\IR.obj
COMPILER INVOKED BY: E:\shudian2\5\C51\BIN\C51.EXE IR.c OPTIMIZE(8,SPEED) BROWSE DEBUG OBJECTEXTEND PRINT(.\Listings\IR.
                    -lst) TABS(6) OBJECT(.\Objects\IR.obj)

line level    source

   1          #include <REGX52.H>
   2          #include "Int0.h"
   3          #include "Timer0.h"
   4          
   5          
   6          unsigned int IR_Time;
   7          unsigned char IR_State;
   8          
   9          unsigned char IR_Data[4];
  10          unsigned char IR_pData;
  11          
  12          unsigned char IR_DataFlag;
  13          unsigned char IR_RepeatFlag;
  14          
  15          unsigned char IR_Addres;
  16          unsigned char IR_Command;
  17          
  18          
  19          //初始化
  20          void IR_Init()
  21          {
  22   1            Timer0_Init();
  23   1            Int0_Init();
  24   1      }
  25          
  26          
  27          
  28          
  29          //外部中断0
  30          void Int0_Routine() interrupt 0
  31          {
  32   1            //空闲状态
  33   1            if(0 == IR_State)
  34   1            {
  35   2                  
  36   2                  Timer_Set(0);
  37   2                  Timer_Begain(1);
  38   2                  IR_State = 1;
  39   2                  
  40   2            }
  41   1            else if(1 == IR_State)
  42   1            {
  43   2                  
  44   2                  IR_Time = Timer_Count();
  45   2                  Timer_Set(0);
  46   2                  //判断是start还是repeat
  47   2                  if((IR_Time > ((13500) - 1500 )) && (IR_Time < ((13500) + 1500)))
  48   2                  {
  49   3                        //开始解码
  50   3                        IR_State = 2;
  51   3                        Timer_Set(0);
  52   3                  }
  53   2                  else if((IR_Time > ((11250) - 1500)) && (IR_Time < ((11250) + 1500)))
  54   2                  {
C51 COMPILER V9.54   IR                                                                    12/31/2022 22:54:37 PAGE 2   

  55   3                        IR_RepeatFlag = 1;
  56   3                        Timer_Begain(0);
  57   3                        IR_State = 0;
  58   3                  }
  59   2                  else 
  60   2                  {
  61   3                        IR_State = 1;
  62   3                  }
  63   2            }
  64   1            else if(2 == IR_State)
  65   1            {
  66   2                  IR_Time = Timer_Count();
  67   2                  Timer_Set(0);
  68   2                  //0
  69   2                  if(IR_Time > 1120 - 500 && IR_Time < 1120 + 500)
  70   2                  {
  71   3                        IR_Data[IR_pData/8] &= ~((0x01) << (IR_pData%8));
  72   3                        IR_pData++;
  73   3                  }
  74   2                  else if(IR_Time > 2250 - 500 && IR_Time < 2250 + 500)
  75   2                  {
  76   3                        IR_Data[IR_pData/8] |= ((0x01) << (IR_pData%8));
  77   3                        IR_pData++;
  78   3                  }
  79   2                  else 
  80   2                  {
  81   3                        IR_pData = 0;
  82   3                        IR_State = 1;
  83   3                  }
  84   2                  if(IR_pData >= 32)
  85   2                  {
  86   3                        IR_pData = 0;
  87   3                        if((IR_Data[0] == ~IR_Data[1]) && (IR_Data[2] == ~IR_Data[3]))
  88   3                        {
  89   4                              IR_DataFlag = 1;
  90   4                              IR_Addres = IR_Data[0];
  91   4                              IR_Command = IR_Data[2];
  92   4                              P2 = 0;
  93   4      
  94   4                        }
  95   3                        Timer_Begain(0);
  96   3                        IR_State = 0;
  97   3                  }
  98   2                  
  99   2            }
 100   1      
 101   1      }
 102          
 103          
 104          
 105          
 106          
 107          
 108          


MODULE INFORMATION:   STATIC OVERLAYABLE
   CODE SIZE        =    347    ----
   CONSTANT SIZE    =   ----    ----
   XDATA SIZE       =   ----    ----
   PDATA SIZE       =   ----    ----
   DATA SIZE        =     12    ----
C51 COMPILER V9.54   IR                                                                    12/31/2022 22:54:37 PAGE 3   

   IDATA SIZE       =   ----    ----
   BIT SIZE         =   ----    ----
END OF MODULE INFORMATION.


C51 COMPILATION COMPLETE.  0 WARNING(S),  0 ERROR(S)
