C51 COMPILER V9.54   TIMER0                                                                12/31/2022 22:14:22 PAGE 1   


C51 COMPILER V9.54, COMPILATION OF MODULE TIMER0
OBJECT MODULE PLACED IN .\Objects\Timer0.obj
COMPILER INVOKED BY: E:\shudian2\5\C51\BIN\C51.EXE Timer0.c OPTIMIZE(8,SPEED) BROWSE DEBUG OBJECTEXTEND PRINT(.\Listings
                    -\Timer0.lst) TABS(6) OBJECT(.\Objects\Timer0.obj)

line level    source

   1          //得到定时器计数记了多少个数
   2          #include <REGX52.H>
   3          
   4          //初始化但是不开定时器
   5          void Timer0_Init()
   6          {
   7   1            TMOD &= 0xf0;
   8   1            TMOD |= 0X01;
   9   1            TH0 = 0/256;
  10   1            TL0 = 0%256;
  11   1            TF0 = 0;
  12   1            TR0 = 0;
  13   1      
  14   1                  
  15   1      }
  16          
  17          
  18          
  19          //给定时器计数赋值
  20          void Timer_Set(unsigned int num)
  21          {
  22   1            TH0 = num / 256;
  23   1            TL0 = num % 256;
  24   1      }
  25          
  26          
  27          //开定时器
  28          void Timer_Begain(unsigned char flag)
  29          {
  30   1            TR0 = flag; 
  31   1      }
  32          
  33          
  34          //计数
  35          unsigned int Timer_Count()
  36          {
  37   1      
  38   1            return (TH0 << 8) | TL0;
  39   1      }
  40          
  41          
  42          
  43          
  44          
  45          


MODULE INFORMATION:   STATIC OVERLAYABLE
   CODE SIZE        =     42    ----
   CONSTANT SIZE    =   ----    ----
   XDATA SIZE       =   ----    ----
   PDATA SIZE       =   ----    ----
   DATA SIZE        =   ----    ----
   IDATA SIZE       =   ----    ----
C51 COMPILER V9.54   TIMER0                                                                12/31/2022 22:14:22 PAGE 2   

   BIT SIZE         =   ----    ----
END OF MODULE INFORMATION.


C51 COMPILATION COMPLETE.  0 WARNING(S),  0 ERROR(S)
