C51 COMPILER V9.54   I2C                                                                   12/04/2022 16:00:30 PAGE 1   


C51 COMPILER V9.54, COMPILATION OF MODULE I2C
OBJECT MODULE PLACED IN .\Objects\I2C.obj
COMPILER INVOKED BY: E:\shudian2\5\C51\BIN\C51.EXE I2C.c OPTIMIZE(8,SPEED) BROWSE DEBUG OBJECTEXTEND PRINT(.\Listings\I2
                    -C.lst) TABS(6) OBJECT(.\Objects\I2C.obj)

line level    source

   1          #include <REGX52.H>
   2          
   3          sbit I2C_SCL = P2^1;
   4          sbit I2C_SDA = P2^0;
   5          
   6          
   7          /**
   8            *@brief  I2C开始
   9            *@param   void 
  10            *@return  void 
  11           */
  12           
  13          void I2C_Start()
  14          {
  15   1            I2C_SCL = 1;
  16   1            I2C_SDA = 1;
  17   1            I2C_SDA = 0;
  18   1            I2C_SCL = 0;
  19   1      }
  20           
  21          /**
  22            *@brief  I2C结束
  23            *@param   void 
  24            *@return  void 
  25           */
  26          
  27          void I2C_Pause()
  28          {
  29   1            I2C_SCL = 0;
  30   1            I2C_SDA = 0;
  31   1            I2C_SCL = 1;
  32   1            I2C_SDA = 1;
  33   1      }
  34          
  35          /**
  36            *@brief  I2C发送数据
  37            *@param   unsigned char 
  38            *@return  void 
  39           */
  40          
  41          void I2C_SendByte(unsigned char byte)
  42          {
  43   1            unsigned char i;
  44   1            for(i = 0; i < 8; i++)
  45   1            {
  46   2                  I2C_SDA = byte & 0x80 >> i;
  47   2                  I2C_SCL = 1;
  48   2                  I2C_SCL = 0;
  49   2            }
  50   1      }
  51          
  52          
  53          /**
  54            *@brief  I2C读数据
C51 COMPILER V9.54   I2C                                                                   12/04/2022 16:00:30 PAGE 2   

  55            *@param   void 
  56            *@return  unsigned char 
  57           */
  58          unsigned char I2C_ReadByte()
  59          {
  60   1            unsigned char i;
  61   1            unsigned char temp = 0x00;
  62   1            //主机接受前释放SDA
  63   1            I2C_SDA = 1;
  64   1            for(i = 0; i < 8; i++)
  65   1            {
  66   2                  if(I2C_SDA) {temp |= (0x80 >> i);}
  67   2                  I2C_SCL = 1;
  68   2                  I2C_SCL = 0;
  69   2            }
  70   1            return temp;
  71   1      }
  72          
  73          /**
  74            *@brief  I2C发送应答  0为应答1为非应答
  75            *@param   unsigned char
  76            *@return  void 
  77           */
  78          void I2C_SendAck(unsigned char Ack)
  79          {
  80   1            I2C_SDA = Ack;
  81   1            I2C_SCL = 1;
  82   1            I2C_SCL = 0;
  83   1      }
  84          
  85          
  86          /**
  87            *@brief  I2C接受应答  
  88            *@param   void
  89            *@return  unsigned char
  90           */
  91          
  92          unsigned char I2C_ReceivedAck()
  93          {
  94   1            unsigned char Ack;
  95   1            //主机接受前释放SDA
  96   1            I2C_SDA = 1;
  97   1            Ack = I2C_SDA;
  98   1            I2C_SCL = 1;
  99   1            I2C_SCL = 0;
 100   1            return Ack;
 101   1      }
 102          
 103          
 104          
 105          


MODULE INFORMATION:   STATIC OVERLAYABLE
   CODE SIZE        =    111    ----
   CONSTANT SIZE    =   ----    ----
   XDATA SIZE       =   ----    ----
   PDATA SIZE       =   ----    ----
   DATA SIZE        =   ----    ----
   IDATA SIZE       =   ----    ----
   BIT SIZE         =   ----    ----
END OF MODULE INFORMATION.

C51 COMPILER V9.54   I2C                                                                   12/04/2022 16:00:30 PAGE 3   


C51 COMPILATION COMPLETE.  0 WARNING(S),  0 ERROR(S)
