C51 COMPILER V9.54   MAIN                                                                  12/04/2022 20:25:42 PAGE 1   


C51 COMPILER V9.54, COMPILATION OF MODULE MAIN
OBJECT MODULE PLACED IN .\Objects\main.obj
COMPILER INVOKED BY: E:\shudian2\5\C51\BIN\C51.EXE main.c OPTIMIZE(8,SPEED) BROWSE DEBUG OBJECTEXTEND PRINT(.\Listings\m
                    -ain.lst) TABS(6) OBJECT(.\Objects\main.obj)

line level    source

   1          #include <REGX52.H>
   2          #include "AT24C02.h"
   3          #include "LCD1602.h"
   4          #include "Delay.h"
   5          
   6          int main()
   7          {
   8   1            unsigned char i;
   9   1            Lcd_initial();
  10   1      //    AT24C02_Write(1,i++);
  11   1      //    Delayms(5);
  12   1      //    Delayms(500);
  13   1      
  14   1            while(1)
  15   1            {
  16   2                  
  17   2                  Lcd_write_number(2,1,AT24C02_Read(1));
  18   2                  
  19   2            }
  20   1            
  21   1            
  22   1            return 0;
  23   1      }
*** WARNING C280 IN LINE 8 OF main.c: 'i': unreferenced local variable
*** WARNING C294 IN LINE 22 OF main.c: unreachable code


MODULE INFORMATION:   STATIC OVERLAYABLE
   CODE SIZE        =     19    ----
   CONSTANT SIZE    =   ----    ----
   XDATA SIZE       =   ----    ----
   PDATA SIZE       =   ----    ----
   DATA SIZE        =   ----       1
   IDATA SIZE       =   ----    ----
   BIT SIZE         =   ----    ----
END OF MODULE INFORMATION.


C51 COMPILATION COMPLETE.  2 WARNING(S),  0 ERROR(S)
