C51 COMPILER V9.54   MAIN                                                                  11/25/2022 23:57:35 PAGE 1   


C51 COMPILER V9.54, COMPILATION OF MODULE MAIN
OBJECT MODULE PLACED IN .\Objects\main.obj
COMPILER INVOKED BY: E:\shudian2\5\C51\BIN\C51.EXE main.c OPTIMIZE(8,SPEED) BROWSE DEBUG OBJECTEXTEND PRINT(.\Listings\m
                    -ain.lst) TABS(6) OBJECT(.\Objects\main.obj)

line level    source

   1          #include <REGX52.H>
   2          #include "Delay.h"
   3          #include "UART.h"
   4          
   5          
   6          
   7          int main()
   8          {
   9   1            //定义i
  10   1            unsigned char i = 0; 
  11   1            
  12   1            //串口初始化
  13   1            Uart_Init();
  14   1            
  15   1            //当按下K1按键，开始逐个发送数据
  16   1            while(P3_1 == 1);
  17   1            
  18   1            while(1)
  19   1            {
  20   2                  //*************************************************
  21   2                  
  22   2                  //每隔一秒发一个递增的数
  23   2                  
  24   2                  //*************************************************
  25   2                  Uart_Send(i++);
  26   2                  Delayms(1000);
  27   2                  
  28   2                  
  29   2                  
  30   2                  
  31   2            }
  32   1            
  33   1            
  34   1            return 0;
  35   1      }
  36          
*** WARNING C294 IN LINE 34 OF main.c: unreachable code


MODULE INFORMATION:   STATIC OVERLAYABLE
   CODE SIZE        =     23    ----
   CONSTANT SIZE    =   ----    ----
   XDATA SIZE       =   ----    ----
   PDATA SIZE       =   ----    ----
   DATA SIZE        =   ----       1
   IDATA SIZE       =   ----    ----
   BIT SIZE         =   ----    ----
END OF MODULE INFORMATION.


C51 COMPILATION COMPLETE.  1 WARNING(S),  0 ERROR(S)
