C51 COMPILER V9.54   NOTE                                                                  11/25/2022 22:49:35 PAGE 1   


C51 COMPILER V9.54, COMPILATION OF MODULE NOTE
OBJECT MODULE PLACED IN .\Objects\note.obj
COMPILER INVOKED BY: E:\shudian2\5\C51\BIN\C51.EXE note.c OPTIMIZE(8,SPEED) BROWSE DEBUG OBJECTEXTEND PRINT(.\Listings\n
                    -ote.lst) TABS(6) OBJECT(.\Objects\note.obj)

line level    source

   1          //**************************************************************
   2          
   3          //全双工：通信双方可以在同一时刻互相传输数据
   4          //半双工：通信双方可互相传输数据，但是必须复用一个数据线
   5          //单工：只能由一边发向另一边，不能反向
   6          
   7          //同步：双方依靠一根时钟线来约定速率
   8          //异步：双方各自约定速率
   9          
  10          //**************************************************************
  11          
  12          //波特率：串口通信速率（发送接受数据间隔）
  13          //检验位：数据验证
  14          //停止位：用于数据帧间隔
  15          
  16          
  17          
  18          //                      51中的UART
  19          // STC89C52的UART有四种工作方式
  20          // 
  21          // 模式一常用：8位UART，波特率可变
  22          
  23          
  24          //**************************************************************


MODULE INFORMATION:   STATIC OVERLAYABLE
   CODE SIZE        =   ----    ----
   CONSTANT SIZE    =   ----    ----
   XDATA SIZE       =   ----    ----
   PDATA SIZE       =   ----    ----
   DATA SIZE        =   ----    ----
   IDATA SIZE       =   ----    ----
   BIT SIZE         =   ----    ----
END OF MODULE INFORMATION.


C51 COMPILATION COMPLETE.  0 WARNING(S),  0 ERROR(S)
