C51 COMPILER V9.54   MAIN                                                                  12/30/2022 18:21:59 PAGE 1   


C51 COMPILER V9.54, COMPILATION OF MODULE MAIN
OBJECT MODULE PLACED IN .\Objects\main.obj
COMPILER INVOKED BY: E:\shudian2\5\C51\BIN\C51.EXE main.c OPTIMIZE(8,SPEED) BROWSE DEBUG OBJECTEXTEND PRINT(.\Listings\m
                    -ain.lst) TABS(6) OBJECT(.\Objects\main.obj)

line level    source

   1          #include <REGX52.H>
   2          #include "LCD1602.h"
   3          #include "XPT2046.h"
   4          #include "Delay.h"
   5          
   6          int main()
   7          {
   8   1            
   9   1            Lcd_initial();
  10   1            
  11   1            while(1)
  12   1            {
  13   2                  //电阻
  14   2                  Lcd_write_number(2,1,XPT2046_Read(0x9c));
  15   2                  Delayms(10);
  16   2                  //热敏电阻
  17   2                  Lcd_write_number(2,6,XPT2046_Read(0xdc));
  18   2                  Delayms(10);
  19   2                  //光敏电阻
  20   2                  Lcd_write_number(2,10,XPT2046_Read(0xac));
  21   2                  Delayms(10);
  22   2            }
  23   1            
  24   1            
  25   1            
  26   1            
  27   1            
  28   1            
  29   1            return 0;
  30   1      }
*** WARNING C294 IN LINE 29 OF main.c: unreachable code


MODULE INFORMATION:   STATIC OVERLAYABLE
   CODE SIZE        =     62    ----
   CONSTANT SIZE    =   ----    ----
   XDATA SIZE       =   ----    ----
   PDATA SIZE       =   ----    ----
   DATA SIZE        =   ----    ----
   IDATA SIZE       =   ----    ----
   BIT SIZE         =   ----    ----
END OF MODULE INFORMATION.


C51 COMPILATION COMPLETE.  1 WARNING(S),  0 ERROR(S)
