C51 COMPILER V9.54   XPT2046                                                               12/30/2022 18:21:07 PAGE 1   


C51 COMPILER V9.54, COMPILATION OF MODULE XPT2046
OBJECT MODULE PLACED IN .\Objects\XPT2046.obj
COMPILER INVOKED BY: E:\shudian2\5\C51\BIN\C51.EXE XPT2046.c OPTIMIZE(8,SPEED) BROWSE DEBUG OBJECTEXTEND PRINT(.\Listing
                    -s\XPT2046.lst) TABS(6) OBJECT(.\Objects\XPT2046.obj)

line level    source

   1          #include <REGX52.H>
   2          #include "Delay.h"
   3          
   4          //引脚定义
   5          sbit XPT2046_DCLK = P3^6;
   6          sbit XPT2046_CS = P3^5;
   7          sbit XPT2046_DIN = P3^4;
   8          sbit XPT2046_DOUT = P3^7;
   9          
  10          
  11          
  12          /**
  13            *@brief   XPT2046 AD转换
  14            *@param   command
  15            *@return  转换后的数据
  16           */
  17          unsigned int XPT2046_Read(unsigned char Cmd)
  18          {
  19   1            unsigned int AdData = 0;
  20   1            unsigned char i = 0;
  21   1            
  22   1            //DCLK初始化拉低
  23   1            XPT2046_DCLK = 0;
  24   1            //DIN初始化拉低
  25   1            XPT2046_DIN = 0;
  26   1            //CS初始化拉低
  27   1            XPT2046_CS = 0;
  28   1            
  29   1            //把数据放到总线上
  30   1            for(i = 0; i < 8; i++)
  31   1            {
  32   2                  
  33   2                  XPT2046_DIN = Cmd & (0x80 >> i);
  34   2                  XPT2046_DCLK = 1;
  35   2                  XPT2046_DCLK = 0;
  36   2            }
  37   1            
  38   1            //等待转换
  39   1            Delayms(1);
  40   1            
  41   1            //接受
  42   1            for(i = 0; i < 16; i++)
  43   1            {
  44   2                  
  45   2                  if(XPT2046_DOUT) {AdData |= (0x8000 >> i);}
  46   2                  XPT2046_DCLK = 1;
  47   2                  XPT2046_DCLK = 0;
  48   2            }
  49   1            
  50   1            XPT2046_CS = 1;
  51   1            XPT2046_DOUT = 1;
  52   1            
  53   1            
  54   1            return AdData >> 4;
C51 COMPILER V9.54   XPT2046                                                               12/30/2022 18:21:07 PAGE 2   

  55   1            
  56   1      }


MODULE INFORMATION:   STATIC OVERLAYABLE
   CODE SIZE        =    109    ----
   CONSTANT SIZE    =   ----    ----
   XDATA SIZE       =   ----    ----
   PDATA SIZE       =   ----    ----
   DATA SIZE        =   ----       2
   IDATA SIZE       =   ----    ----
   BIT SIZE         =   ----    ----
END OF MODULE INFORMATION.


C51 COMPILATION COMPLETE.  0 WARNING(S),  0 ERROR(S)
