C51 COMPILER V9.54   MAIN                                                                  11/30/2022 20:09:17 PAGE 1   


C51 COMPILER V9.54, COMPILATION OF MODULE MAIN
OBJECT MODULE PLACED IN .\Objects\main.obj
COMPILER INVOKED BY: E:\shudian2\5\C51\BIN\C51.EXE main.c OPTIMIZE(8,SPEED) BROWSE DEBUG OBJECTEXTEND PRINT(.\Listings\m
                    -ain.lst) TABS(6) OBJECT(.\Objects\main.obj)

line level    source

   1          #include <REGX52.H>
   2          #include "LCD1602.h"
   3          #include "DS1302.h"
   4          #include "Delay.h"
   5          
   6          unsigned char second;
   7          unsigned char minute;
   8          unsigned char hours;
   9          
  10          int main()
  11          {
  12   1            //LCD1602初始化
  13   1            Lcd_initial();
  14   1            //DS1302初始化
  15   1            DS1302_Init();
  16   1            
  17   1            //解除写保护
  18   1            DS1302_WriteByte(0x8e,0x00);
  19   1            
  20   1            Lcd_write_string(0x82,":");
  21   1            Lcd_write_string(0x85,":");
  22   1            
  23   1            //十六进制
  24   1            DS1302_WriteByte(0x80,89);
  25   1            DS1302_WriteByte(0x82,12);
  26   1            DS1302_WriteByte(0x84,16);
  27   1            while(1)
  28   1            {
  29   2                  
  30   2                  Lcd_write_number(1,7,DS1302_ReadByte(0x81));
  31   2                  Lcd_write_number(1,4,DS1302_ReadByte(0x83));
  32   2                  Lcd_write_number(1,1,DS1302_ReadByte(0x85));
  33   2            }
  34   1            
  35   1            
  36   1            return 0;
  37   1      }
*** WARNING C294 IN LINE 36 OF main.c: unreachable code


MODULE INFORMATION:   STATIC OVERLAYABLE
   CODE SIZE        =    107    ----
   CONSTANT SIZE    =      2    ----
   XDATA SIZE       =   ----    ----
   PDATA SIZE       =   ----    ----
   DATA SIZE        =      3    ----
   IDATA SIZE       =   ----    ----
   BIT SIZE         =   ----    ----
END OF MODULE INFORMATION.


C51 COMPILATION COMPLETE.  1 WARNING(S),  0 ERROR(S)
