C51 COMPILER V9.54   MAIN                                                                  12/02/2022 21:26:36 PAGE 1   


C51 COMPILER V9.54, COMPILATION OF MODULE MAIN
OBJECT MODULE PLACED IN .\Objects\main.obj
COMPILER INVOKED BY: E:\shudian2\5\C51\BIN\C51.EXE main.c OPTIMIZE(8,SPEED) BROWSE DEBUG OBJECTEXTEND PRINT(.\Listings\m
                    -ain.lst) TABS(6) OBJECT(.\Objects\main.obj)

line level    source

   1          #include <REGX52.H>
   2          #include "LCD1602.h"
   3          #include "DS1302.h"
   4          #include "Delay.h"
   5          #include "UART.h"
   6          
   7          
   8          
   9          unsigned char second = 30;
  10          unsigned char minute = 30;
  11          unsigned char hours = 10;
  12          unsigned char timeOption = 1;
  13          
  14          
  15          //进入设置模式
  16          sbit intoTimeSet = P3^1;
  17          //设置秒或者分或者小时
  18          sbit sellect = P3^0;
  19          sbit timeAdd = P3^2;
  20          sbit timesub = P3^3;
  21          
  22          //用来进入Set的判断依据
  23          bit timeSetkey = 0;
  24          
  25          
  26          //检查按键是否按下进入时间设置模式
  27          void checky_timeSet()
  28          {
  29   1            if(!intoTimeSet)
  30   1            {
  31   2                  Delayms(10);
  32   2                  if(!intoTimeSet)
  33   2                  {
  34   3                        Delayms(1000);
  35   3                        timeSetkey = ~timeSetkey;
  36   3                  }
  37   2            }
  38   1      }
  39          
  40          void checky_sellect()
  41          {
  42   1            if(!sellect)
  43   1            {
  44   2                  Delayms(10);
  45   2                  if(!sellect)
  46   2                  {
  47   3                        Delayms(10);
  48   3                        timeOption += 1;
  49   3                        if(4 == timeOption)
  50   3                        {
  51   4                              timeOption = 1;
  52   4                        }
  53   3                        
  54   3                  }
C51 COMPILER V9.54   MAIN                                                                  12/02/2022 21:26:36 PAGE 2   

  55   2            }
  56   1      }
  57          
  58          void checky_add()
  59          {
  60   1            if(!timeAdd)
  61   1            {
  62   2                  Delayms(10);
  63   2                  if(!timeAdd)
  64   2                  {
  65   3                        Delayms(10);
  66   3                        if(1 == timeOption)
  67   3                        {
  68   4                              hours++;
  69   4                        }
  70   3                        else if(2 == timeOption)
  71   3                        {
  72   4                              minute++;
  73   4                        }
  74   3                        else if(3 == timeOption)
  75   3                        {
  76   4                              second++;
  77   4                        }
  78   3                  
  79   3                        
  80   3                  }
  81   2            }
  82   1      }
  83          
  84          void checky_sub()
  85          {
  86   1            if(!timesub)
  87   1            {
  88   2                  Delayms(10);
  89   2                  if(!timesub)
  90   2                  {
  91   3                        Delayms(10);
  92   3                        if(1 == timeOption)
  93   3                        {
  94   4                              hours--;
  95   4                        }
  96   3                        else if(2 == timeOption)
  97   3                        {
  98   4                              minute--;
  99   4                        }
 100   3                        else if(3 == timeOption)
 101   3                        {
 102   4                              second--;
 103   4                        }
 104   3                  
 105   3                        
 106   3                  }
 107   2            }
 108   1      }
 109          int main()
 110          {
 111   1            //LCD1602初始化
 112   1            Lcd_initial();
 113   1            //DS1302初始化
 114   1            DS1302_Init();
 115   1            //串口初始化
 116   1            UART_Init();
C51 COMPILER V9.54   MAIN                                                                  12/02/2022 21:26:36 PAGE 3   

 117   1            
 118   1            //解除写保护
 119   1            DS1302_WriteByte(0x8e,0x00);
 120   1            
 121   1            Lcd_write_string(0x80,"NowTime:");
 122   1            
 123   1            Lcd_write_string(0xc2,":");
 124   1            Lcd_write_string(0xc5,":");
 125   1            
 126   1            //十六进制
 127   1            //写命令和数据（16进制）
 128   1            //秒 分钟 小时的设置
 129   1            //秒
 130   1            DS1302_WriteByte(0x80,second/10*16 + second%10);
 131   1            //分钟
 132   1            DS1302_WriteByte(0x82,minute/10*16 + minute%10);
 133   1            //小时
 134   1            DS1302_WriteByte(0x84,hours/10*16 + hours%10);
 135   1            
 136   1            while(1)
 137   1            {
 138   2                  
 139   2                  checky_timeSet();
 140   2                  while(timeSetkey)
 141   2                  {
 142   3                        //右上角显示Set
 143   3                        Lcd_write_string(0x8d,"Set");
 144   3                        Lcd_write_number(2,1,hours);
 145   3                        Lcd_write_number(2,4,minute); 
 146   3                        Lcd_write_number(2,7,second);
 147   3      
 148   3                        while(3 == timeOption && timeSetkey)
 149   3                        {
 150   4                              Lcd_write_number(2,7,second);
 151   4                              Delayms(1000);
 152   4                              Lcd_write_string(0xc6,"  ");
 153   4                              Delayms(1000);
 154   4                              Lcd_write_number(2,7,second);
 155   4                              checky_sellect();
 156   4                              checky_sub();
 157   4                              checky_add();
 158   4                              checky_timeSet();
 159   4      
 160   4                        }
 161   3                        while(2 == timeOption && timeSetkey)
 162   3                        {
 163   4                              Lcd_write_number(2,4,minute);
 164   4                              Delayms(1000);
 165   4                              Lcd_write_string(0xc3,"  ");
 166   4                              Delayms(1000);
 167   4                              Lcd_write_number(2,4,minute); 
 168   4                              checky_sellect();
 169   4                              checky_sub();
 170   4                              checky_add();
 171   4                              checky_timeSet();
 172   4                        
 173   4                        }
 174   3                        while(1 == timeOption && timeSetkey)
 175   3                        {
 176   4                              Lcd_write_number(2,1,hours);
 177   4                              Delayms(1000);
 178   4                              Lcd_write_string(0xc0,"  ");
C51 COMPILER V9.54   MAIN                                                                  12/02/2022 21:26:36 PAGE 4   

 179   4                              Delayms(1000);
 180   4                              Lcd_write_number(2,1,hours);
 181   4                              checky_sellect();
 182   4                              checky_sub();
 183   4                              checky_add();
 184   4                              checky_timeSet();
 185   4                  
 186   4                        }
 187   3      
 188   3                        
 189   3            
 190   3                  }
 191   2                  
 192   2                  //清空set显示
 193   2                  Lcd_write_string(0x8d,"   ");
 194   2                  
 195   2                  DS1302_WriteByte(0x80,second/10*16 + second%10);
 196   2                  //分钟
 197   2                  DS1302_WriteByte(0x82,minute/10*16 + minute%10);
 198   2                  //小时
 199   2                  DS1302_WriteByte(0x84,hours/10*16 + hours%10);
 200   2                  //秒 分钟 小时 不断刷新
 201   2                  Lcd_write_number(2,7,DS1302_ReadByte(0x81));
 202   2                  Lcd_write_number(2,4,DS1302_ReadByte(0x83));
 203   2                  Lcd_write_number(2,1,DS1302_ReadByte(0x85));
 204   2                  second = DS1302_ReadByte(0x81);
 205   2                  minute = DS1302_ReadByte(0x83);
 206   2                  hours = DS1302_ReadByte(0x85);
 207   2                  
 208   2            }
 209   1            
 210   1            
 211   1            return 0;
 212   1      }
*** WARNING C294 IN LINE 211 OF main.c: unreachable code


MODULE INFORMATION:   STATIC OVERLAYABLE
   CODE SIZE        =    690    ----
   CONSTANT SIZE    =     22    ----
   XDATA SIZE       =   ----    ----
   PDATA SIZE       =   ----    ----
   DATA SIZE        =      4    ----
   IDATA SIZE       =   ----    ----
   BIT SIZE         =      1    ----
END OF MODULE INFORMATION.


C51 COMPILATION COMPLETE.  1 WARNING(S),  0 ERROR(S)
