C51 COMPILER V9.54   LCD1602                                                               01/13/2023 16:45:38 PAGE 1   


C51 COMPILER V9.54, COMPILATION OF MODULE LCD1602
OBJECT MODULE PLACED IN .\Objects\LCD1602.obj
COMPILER INVOKED BY: E:\shudian2\5\C51\BIN\C51.EXE LCD1602.c OPTIMIZE(8,SPEED) BROWSE DEBUG OBJECTEXTEND PRINT(.\Listing
                    -s\LCD1602.lst) TABS(6) OBJECT(.\Objects\LCD1602.obj)

line level    source

   1          #include <REGX52.H>
   2          #include <intrins.h>
   3          #include "Delay.h"
   4          #include "Key.h"
   5          
   6          //定义寄存器
   7          #define Lcdout P0
   8          
   9          
  10          //定义引脚
  11          sbit RS = P2^6;
  12          sbit RW = P2^5;
  13          sbit EN = P2^7;
  14          
  15          
  16          
  17          //**************************************************************
  18          //----------------------------  Write_cmd 和 Write_data 差别在RS电平
  19          //发送命令  RS = 0
  20          void Write_cmd(unsigned char cmd)
  21          {
  22   1      
  23   1            RS = 0;
  24   1            RW = 0;
  25   1            EN = 0;
  26   1      
  27   1            //单片机把要发送的数据放到数据总线里
  28   1            Lcdout = cmd;
  29   1            
  30   1            EN = 1;
  31   1            
  32   1            _nop_();
  33   1      
  34   1            EN = 0;
  35   1            
  36   1            Delayms(1);
  37   1      
  38   1            
  39   1      }
  40          //**************************************************************
  41          //发送数据 RS = 1
  42          void Write_data(unsigned char cmd)
  43          {
  44   1      
  45   1            RS = 1;
  46   1            RW = 0;
  47   1            EN = 0;
  48   1      
  49   1            //单片机把要发送的数据放到数据总线里
  50   1            Lcdout = cmd;
  51   1            
  52   1            EN = 1;
  53   1            
  54   1            _nop_();
C51 COMPILER V9.54   LCD1602                                                               01/13/2023 16:45:38 PAGE 2   

  55   1      
  56   1            EN = 0;
  57   1            
  58   1            Delayms(1);
  59   1            
  60   1      
  61   1      }
  62          //**************************************************************
  63          void Lcd_initial()
  64          {
  65   1      
  66   1            Write_cmd(0x01);
  67   1            Write_cmd(0x06);
  68   1            
  69   1            Write_cmd(0x0c);
  70   1            Write_cmd(0x38);
  71   1            
  72   1      
  73   1            
  74   1            Delayms(1);
  75   1            
  76   1            
  77   1      }
  78          //**************************************************************
  79          void Lcd_write_string(char cmd, char* addr)
  80          {
  81   1            while(*addr != '\0')
  82   1            {
  83   2                  Write_cmd(cmd++);
  84   2                  Write_data(*addr);
  85   2                  addr++;
  86   2            }
  87   1      }
  88          
  89          //**************************************************************
  90          
  91          //在第几行第几列显示数字
  92          //形参列表（行，列，数字）
  93          
  94          //**************************************************************
  95          void Lcd_write_number(char line, char row ,unsigned char number)
  96          {
  97   1            if(1 == line)
  98   1            {
  99   2                  Write_cmd(0x80+row-1);
 100   2            
 101   2                  Write_data((number/10)+0x30);
 102   2                  Write_data((number%10)+0x30);
 103   2            }
 104   1            else if(2 == line)
 105   1            {
 106   2                  Write_cmd(0xc0+row-1);
 107   2                  
 108   2                  Write_data((number/10)+0x30);
 109   2                  Write_data((number%10)+0x30);
 110   2            }
 111   1      }
 112          
 113          /**
 114            *@brief   LCD显示开始界面
 115            *@param   void
 116            *@return  void
C51 COMPILER V9.54   LCD1602                                                               01/13/2023 16:45:38 PAGE 3   

 117           */
 118          void LCD_ShowBegin()
 119          {
 120   1            char i;
 121   1            
 122   1            for(i = 15; i >= 0; i--)
 123   1            {
 124   2                  Lcd_write_string(0x80+i,"Welcome to use!");
 125   2                  Delayms(300);
 126   2            }
 127   1            for(i = 15; i >= 0; i--)
 128   1            {
 129   2                  Lcd_write_string(0xc0+i,"Please set!   ->");
 130   2                  Delayms(300);
 131   2            }
 132   1            while(0xee != Matrix_key());
 133   1            Delayms(100);
 134   1            Write_cmd(0x01);
 135   1            Delayms(100);
 136   1            
 137   1            
 138   1      }
 139          
 140          
 141          /**
 142            *@brief   LCD显示设置温湿度界面
 143            *@param   void
 144            *@return  void
 145           */
 146          void LCD_ShowSetTH(unsigned char * humHWarn, unsigned char * humLWarn,\
 147                              unsigned char * tmpHWarn, unsigned char * tmpLWarn)
 148          {
 149   1            while(0xee != Matrix_key())
 150   1            {
 151   2                  Matrix_Set_DH(humHWarn,humLWarn,tmpHWarn,tmpLWarn);
 152   2                  Lcd_write_string(0x80,"tmp:");
 153   2                  Lcd_write_string(0xc0,"hum:");
 154   2                  Lcd_write_string(0x85,"MAX");
 155   2                  
 156   2                  Lcd_write_number(1,9,*humHWarn);
 157   2                  
 158   2                  Lcd_write_string(0x8B,"MIN");       
 159   2                  
 160   2                  Lcd_write_number(1,15,*humLWarn);
 161   2                  
 162   2                  Lcd_write_string(0xC5,"MAX");
 163   2                  
 164   2                  Lcd_write_number(2,9,*tmpHWarn);
 165   2                  
 166   2                  Lcd_write_string(0xCB,"MIN");
 167   2                  
 168   2                  Lcd_write_number(2,15,*tmpLWarn);
 169   2            }
 170   1            Write_cmd(0x01);
 171   1            Delayms(1000);
 172   1            
 173   1      }
 174          
 175          
 176          
 177          
 178          
C51 COMPILER V9.54   LCD1602                                                               01/13/2023 16:45:38 PAGE 4   

 179          
 180          


MODULE INFORMATION:   STATIC OVERLAYABLE
   CODE SIZE        =    449    ----
   CONSTANT SIZE    =     51    ----
   XDATA SIZE       =   ----    ----
   PDATA SIZE       =   ----    ----
   DATA SIZE        =   ----      20
   IDATA SIZE       =   ----    ----
   BIT SIZE         =   ----    ----
END OF MODULE INFORMATION.


C51 COMPILATION COMPLETE.  0 WARNING(S),  0 ERROR(S)
