C51 COMPILER V9.54   MAIN                                                                  01/13/2023 16:47:17 PAGE 1   


C51 COMPILER V9.54, COMPILATION OF MODULE MAIN
OBJECT MODULE PLACED IN .\Objects\main.obj
COMPILER INVOKED BY: E:\shudian2\5\C51\BIN\C51.EXE main.c OPTIMIZE(8,SPEED) BROWSE DEBUG OBJECTEXTEND PRINT(.\Listings\m
                    -ain.lst) TABS(6) OBJECT(.\Objects\main.obj)

line level    source

   1          #include <REGX52.H>
   2          #include "DHT11.h"
   3          #include "Delay.h"
   4          #include "LCD1602.h"
   5          #include "UART.h"
   6          #include "Timer0.h"
   7          #include "Key.h"
   8          
   9          //电机
  10          sbit Motor = P1^0;
  11          
  12          
  13          
  14          ////进入定时器计数
  15          //unsigned char Timer_count = 0;
  16          //电机计数
  17          unsigned char Motor_count = 0;
  18          //判断闪烁
  19          //static unsigned char flag = 1;
  20          //unsigned char flag2 = 0;
  21          //电机PWM
  22          static char compare = 0;
  23          
  24          //警戒值
  25          unsigned char humHWarn = 33;
  26          unsigned char humLWarn;
  27          unsigned char tmpHWarn = 55;
  28          unsigned char tmpLWarn;
  29          
  30          
  31          int main()
  32          {
  33   1      
  34   1      
  35   1            //DHT11上电后至少要延时1s
  36   1            Delayms(1500);
  37   1            
  38   1            //初始化
  39   1            Lcd_initial();
  40   1            Timer0_Init();
  41   1            UART_Init();
  42   1            
  43   1            //显示进去的界面
  44   1            LCD_ShowBegin();
  45   1            //设置上下限
  46   1            LCD_ShowSetTH(&humHWarn,&humLWarn,&tmpHWarn,&tmpLWarn);
  47   1            
  48   1            //电机标志位清零
  49   1            Motor = 0;
  50   1            
  51   1            while(1)
  52   1            {
  53   2                  
  54   2      
C51 COMPILER V9.54   MAIN                                                                  01/13/2023 16:47:17 PAGE 2   

  55   2                  DHT11_LCD1602_Show();
  56   2                  
  57   2                  //设置按键进入
  58   2                  if(0x77 == Matrix_key()) {LCD_ShowSetTH(&humHWarn,&humLWarn,&tmpHWarn,&tmpLWarn);}
  59   2                  
  60   2                  //超过某个值电机转动
  61   2                  compare = DHT11_H_Alarm(&humHWarn,&tmpHWarn);
  62   2                  
  63   2                  //当未出现异常，电机停止
  64   2                  if(!compare) {Motor = 0;}
  65   2                  
  66   2            }
  67   1            
  68   1            
  69   1            
  70   1            return 0;
  71   1      }
  72          
  73          
  74          void Timer_Routine() interrupt 1
  75          {
  76   1            
  77   1      
  78   1            if(Motor_count < compare)
  79   1            {
  80   2                  
  81   2                  Motor = 1;
  82   2            }else if
  83   1            (Motor_count >= compare)
  84   1            {
  85   2                  Motor = 0;
  86   2      
  87   2            }
  88   1            Motor_count++;
  89   1            Motor_count %= 10;
  90   1            //复位定时器
  91   1            TH0 = (65535-10000)/256;
  92   1            TL0 = (65535-10000)%256;
  93   1      }
*** WARNING C294 IN LINE 70 OF main.c: unreachable code


MODULE INFORMATION:   STATIC OVERLAYABLE
   CODE SIZE        =    223    ----
   CONSTANT SIZE    =   ----    ----
   XDATA SIZE       =   ----    ----
   PDATA SIZE       =   ----    ----
   DATA SIZE        =      6    ----
   IDATA SIZE       =   ----    ----
   BIT SIZE         =   ----    ----
END OF MODULE INFORMATION.


C51 COMPILATION COMPLETE.  1 WARNING(S),  0 ERROR(S)
