C51 COMPILER V9.54   BREATHELIGHT                                                          12/20/2022 15:19:56 PAGE 1   


C51 COMPILER V9.54, COMPILATION OF MODULE BREATHELIGHT
OBJECT MODULE PLACED IN .\Objects\BreatheLight.obj
COMPILER INVOKED BY: E:\shudian2\5\C51\BIN\C51.EXE BreatheLight.c OPTIMIZE(8,SPEED) BROWSE DEBUG OBJECTEXTEND PRINT(.\Li
                    -stings\BreatheLight.lst) TABS(6) OBJECT(.\Objects\BreatheLight.obj)

line level    source

   1          #include <REGX52.H>
   2          
   3          
   4          sbit LED = P2^0;
   5          
   6          
   7          void BreatheLight(unsigned char on)
   8          {
   9   1            unsigned char off;
  10   1            unsigned char on_temp = 0;
  11   1            unsigned char off_temp = 0;
  12   1            
  13   1            while(1)
  14   1            {
  15   2                  off = 100 - on;
  16   2                  on_temp = on*10000;
  17   2                  off_temp = off*10000;
  18   2                  
  19   2                  LED = 0;
  20   2                  while(on_temp--);
  21   2                  LED = 1;
  22   2                  while(off_temp--);
  23   2                  
  24   2                  on--;
  25   2                  
  26   2                  if(0 == on) {on = 100;}
  27   2            }
  28   1            
  29   1      
  30   1            
  31   1            
  32   1      }
  33                


MODULE INFORMATION:   STATIC OVERLAYABLE
   CODE SIZE        =     37    ----
   CONSTANT SIZE    =   ----    ----
   XDATA SIZE       =   ----    ----
   PDATA SIZE       =   ----    ----
   DATA SIZE        =   ----    ----
   IDATA SIZE       =   ----    ----
   BIT SIZE         =   ----    ----
END OF MODULE INFORMATION.


C51 COMPILATION COMPLETE.  0 WARNING(S),  0 ERROR(S)
