C51 COMPILER V9.54   MAIN                                                                  12/20/2022 20:06:20 PAGE 1   


C51 COMPILER V9.54, COMPILATION OF MODULE MAIN
OBJECT MODULE PLACED IN .\Objects\main.obj
COMPILER INVOKED BY: E:\shudian2\5\C51\BIN\C51.EXE main.c OPTIMIZE(8,SPEED) BROWSE DEBUG OBJECTEXTEND PRINT(.\Listings\m
                    -ain.lst) TABS(6) OBJECT(.\Objects\main.obj)

line level    source

   1          #include <REGX52.H>
   2          #include "Delay.h"
   3          
   4          
   5          
   6          sbit LED = P2^0;
   7          
   8          
   9          int main()
  10          {
  11   1            char time_on = 10;
  12   1            unsigned char i = 0;
  13   1            while(1)
  14   1            {
  15   2            
  16   2                  for(time_on = 0; time_on <= 10; time_on++ )
  17   2                  {
  18   3                        for(i = 0; i < 30; i++)
  19   3                        {
  20   4                              LED = 0;
  21   4                              Delayms(time_on);
  22   4                              LED = 1;
  23   4                              Delayms(10 - time_on);
  24   4                        }
  25   3                        
  26   3                  }
  27   2                  for(time_on = 10; time_on >= 0; time_on-- )
  28   2                  {
  29   3                        for(i = 0; i < 30; i++)
  30   3                        {
  31   4                              LED = 0;
  32   4                              Delayms(time_on);
  33   4                              LED = 1;
  34   4                              Delayms(10 - time_on);
  35   4                        }
  36   3                        
  37   3                  }
  38   2                  
  39   2      
  40   2                  
  41   2            }
  42   1            
  43   1            
  44   1            return 0;
  45   1      }
*** WARNING C294 IN LINE 44 OF main.c: unreachable code


MODULE INFORMATION:   STATIC OVERLAYABLE
   CODE SIZE        =     96    ----
   CONSTANT SIZE    =   ----    ----
   XDATA SIZE       =   ----    ----
   PDATA SIZE       =   ----    ----
   DATA SIZE        =   ----       2
C51 COMPILER V9.54   MAIN                                                                  12/20/2022 20:06:20 PAGE 2   

   IDATA SIZE       =   ----    ----
   BIT SIZE         =   ----    ----
END OF MODULE INFORMATION.


C51 COMPILATION COMPLETE.  1 WARNING(S),  0 ERROR(S)
