C51 COMPILER V9.54   AT24C02                                                               12/28/2022 18:33:58 PAGE 1   


C51 COMPILER V9.54, COMPILATION OF MODULE AT24C02
OBJECT MODULE PLACED IN .\Objects\AT24C02.obj
COMPILER INVOKED BY: E:\shudian2\5\C51\BIN\C51.EXE AT24C02.c OPTIMIZE(8,SPEED) BROWSE DEBUG OBJECTEXTEND PRINT(.\Listing
                    -s\AT24C02.lst) TABS(6) OBJECT(.\Objects\AT24C02.obj)

line level    source

   1          #include <REGX52.H>
   2          #include "IIC.h"
   3          #include "Delay.h"
   4          
   5          //AT24C02地址宏定义
   6          #define AT24C02_Addr_Write   0xA0
   7          #define AT24C02_Addr_Read    0xA1
   8          
   9          
  10          /**
  11            *@brief   AT24C02字节写
  12            *@param   存储数据的存储地址，存储的数据
  13            *@return  void
  14           */
  15          void AT24C02_Write(unsigned char ByteAddr,Byte)
  16          {
  17   1            
  18   1            IIC_Start();
  19   1            IIC_SendByte(AT24C02_Addr_Write);
  20   1            IIC_ReceiveAck();
  21   1            IIC_SendByte(ByteAddr);
  22   1            IIC_ReceiveAck();
  23   1            IIC_SendByte(Byte);
  24   1            IIC_ReceiveAck();
  25   1            IIC_Pause();
  26   1            
  27   1            //写最少需要延时5ms
  28   1            Delayms(5);
  29   1      
  30   1      }
  31          
  32          
  33          /**
  34            *@brief   AT24C02读字节
  35            *@param   void
  36            *@return  字节的地址 ，存储的数据的地址（0-255）
  37           */
  38          unsigned char AT24C02_Read(unsigned char ByteAddr)
  39          {
  40   1            unsigned char Byte = 0;
  41   1            
  42   1            IIC_Start();
  43   1            IIC_SendByte(AT24C02_Addr_Write);
  44   1            IIC_ReceiveAck();
  45   1            IIC_SendByte(ByteAddr);
  46   1            IIC_ReceiveAck();
  47   1            
  48   1            IIC_Start();
  49   1            IIC_SendByte(AT24C02_Addr_Read);
  50   1            IIC_ReceiveAck();
  51   1            Byte = IIC_ReadByte();
  52   1            IIC_SendAck(1);
  53   1            IIC_Pause();
  54   1            
C51 COMPILER V9.54   AT24C02                                                               12/28/2022 18:33:58 PAGE 2   

  55   1            
  56   1            
  57   1            
  58   1            
  59   1            return Byte;
  60   1      }
  61          
  62          
  63          
  64          


MODULE INFORMATION:   STATIC OVERLAYABLE
   CODE SIZE        =     92    ----
   CONSTANT SIZE    =   ----    ----
   XDATA SIZE       =   ----    ----
   PDATA SIZE       =   ----    ----
   DATA SIZE        =   ----       5
   IDATA SIZE       =   ----    ----
   BIT SIZE         =   ----    ----
END OF MODULE INFORMATION.


C51 COMPILATION COMPLETE.  0 WARNING(S),  0 ERROR(S)
