C51 COMPILER V9.54   IIC                                                                   12/28/2022 18:32:38 PAGE 1   


C51 COMPILER V9.54, COMPILATION OF MODULE IIC
OBJECT MODULE PLACED IN .\Objects\IIC.obj
COMPILER INVOKED BY: E:\shudian2\5\C51\BIN\C51.EXE IIC.c OPTIMIZE(8,SPEED) BROWSE DEBUG OBJECTEXTEND PRINT(.\Listings\II
                    -C.lst) TABS(6) OBJECT(.\Objects\IIC.obj)

line level    source

   1          #include <REGX52.H>
   2          
   3          
   4          //引脚定义
   5          sbit IIC_SCL = P2^1;
   6          sbit IIC_SDA = P2^0;
   7          
   8          
   9          
  10          /**
  11            *@brief   IIC开始
  12            *@param   void
  13            *@return  void
  14           */
  15          void IIC_Start()
  16          {     
  17   1            IIC_SDA = 1;
  18   1            IIC_SCL = 1;
  19   1            IIC_SDA = 0;
  20   1            IIC_SCL = 0;
  21   1      }
  22          
  23          /**
  24            *@brief   IIC停止
  25            *@param   void
  26            *@return  void
  27           */
  28          void IIC_Pause()
  29          {
  30   1            IIC_SCL = 0;
  31   1            IIC_SDA = 0;
  32   1            IIC_SCL = 1;
  33   1            IIC_SDA = 1;      
  34   1      }
  35          
  36          
  37          /**
  38            *@brief   IIC发送一个字节
  39            *@param   发送的字节
  40            *@return  void
  41           */
  42          void IIC_SendByte(unsigned char Byte)
  43          {
  44   1            unsigned char i = 0;
  45   1            for(i = 0; i < 8; i++)
  46   1            {
  47   2                  
  48   2                  //把要发送的数据放到IIC_SDA上，高位在前
  49   2                  IIC_SDA = Byte & (0x80 >> i);
  50   2                  
  51   2      //          if(Byte & (0x80 >> i))
  52   2      //          {
  53   2      //                IIC_SDA = 1;
  54   2      //          }else if(!(Byte & (0x80 >> i)))
C51 COMPILER V9.54   IIC                                                                   12/28/2022 18:32:38 PAGE 2   

  55   2      //          {
  56   2      //                IIC_SDA = 0;
  57   2      //          }
  58   2                  
  59   2                  //拉高从机将会读取
  60   2                  IIC_SCL = 1;
  61   2                  IIC_SCL = 0;
  62   2            }
  63   1      }
  64          
  65          
  66          /**
  67            *@brief   IIC接受一个字节
  68            *@param   void
  69            *@return  接收的字节
  70           */
  71          unsigned char IIC_ReadByte()
  72          {
  73   1            unsigned char Byte = 0;
  74   1            unsigned char i = 0;
  75   1            //释放SDA
  76   1            IIC_SDA = 1;
  77   1            
  78   1            for(i = 0; i < 8; i++)
  79   1            {
  80   2                  if(IIC_SDA) {Byte |= (0x80 >> i);}
  81   2                  //拉高主机将会读取
  82   2                  IIC_SCL = 1;
  83   2                  IIC_SCL = 0;
  84   2            }
  85   1            
  86   1            
  87   1            
  88   1            return Byte;
  89   1      }
  90          
  91          
  92          /**
  93            *@brief   IIC发送应答
  94            *@param   是否应答
  95            *@return  void
  96           */
  97          void IIC_SendAck(unsigned char Ack)
  98          {
  99   1            IIC_SDA = Ack;
 100   1            IIC_SCL = 1;
 101   1            IIC_SCL = 0;
 102   1      }
 103          
 104          
 105          /**
 106            *@brief   IIC接受应答
 107            *@param   void
 108            *@return  从机是否应答   0表示应答 1表示非应答
 109           */
 110          unsigned char IIC_ReceiveAck()
 111          {
 112   1            unsigned char Ack;
 113   1            
 114   1            //释放
 115   1            IIC_SDA = 1;
 116   1            
C51 COMPILER V9.54   IIC                                                                   12/28/2022 18:32:38 PAGE 3   

 117   1            
 118   1            IIC_SCL = 1;
 119   1            Ack = IIC_SDA;
 120   1            IIC_SCL = 0;
 121   1            
 122   1            
 123   1            return Ack;
 124   1      }
 125          
 126          
 127          


MODULE INFORMATION:   STATIC OVERLAYABLE
   CODE SIZE        =    111    ----
   CONSTANT SIZE    =   ----    ----
   XDATA SIZE       =   ----    ----
   PDATA SIZE       =   ----    ----
   DATA SIZE        =   ----    ----
   IDATA SIZE       =   ----    ----
   BIT SIZE         =   ----    ----
END OF MODULE INFORMATION.


C51 COMPILATION COMPLETE.  0 WARNING(S),  0 ERROR(S)
