C51 COMPILER V9.54   DS18B20                                                               12/18/2022 17:53:58 PAGE 1   


C51 COMPILER V9.54, COMPILATION OF MODULE DS18B20
OBJECT MODULE PLACED IN .\Objects\DS18B20.obj
COMPILER INVOKED BY: E:\shudian2\5\C51\BIN\C51.EXE DS18B20.c OPTIMIZE(8,SPEED) BROWSE DEBUG OBJECTEXTEND PRINT(.\Listing
                    -s\DS18B20.lst) TABS(6) OBJECT(.\Objects\DS18B20.obj)

line level    source

   1          #include <REGX52.H>
   2          #include "OneWire.h"
   3          
   4          /**
   5            *@brief  开始温度转换
   6            *@param   void
   7            *@return  返回接收的位
   8           */
   9          void DS18B20_ConvertT()
  10          {
  11   1            OneWire_Init();
  12   1            OneWire_SendByte(0xCC);
  13   1            OneWire_SendByte(0x44);
  14   1      }
  15          
  16          /**
  17            *@brief  接收温度
  18            *@param   void
  19            *@return  返回温度
  20           */
  21          float DS18B20_ReadT()
  22          {
  23   1            int LSB, MSB;
  24   1            int temp;
  25   1            float T;
  26   1            OneWire_Init();
  27   1            OneWire_SendByte(0xCC);
  28   1            OneWire_SendByte(0xBE);
  29   1            LSB = OneWire_ReceiveByte();
  30   1            MSB = OneWire_ReceiveByte();
  31   1            temp = MSB * 256 + LSB;
  32   1            T = temp / 16.0;
  33   1            return T;
  34   1            
  35   1      }


MODULE INFORMATION:   STATIC OVERLAYABLE
   CODE SIZE        =     66    ----
   CONSTANT SIZE    =   ----    ----
   XDATA SIZE       =   ----    ----
   PDATA SIZE       =   ----    ----
   DATA SIZE        =   ----       2
   IDATA SIZE       =   ----    ----
   BIT SIZE         =   ----    ----
END OF MODULE INFORMATION.


C51 COMPILATION COMPLETE.  0 WARNING(S),  0 ERROR(S)
