C51 COMPILER V9.54   ONEWIRE                                                               12/18/2022 17:37:16 PAGE 1   


C51 COMPILER V9.54, COMPILATION OF MODULE ONEWIRE
OBJECT MODULE PLACED IN .\Objects\OneWire.obj
COMPILER INVOKED BY: E:\shudian2\5\C51\BIN\C51.EXE OneWire.c OPTIMIZE(8,SPEED) BROWSE DEBUG OBJECTEXTEND PRINT(.\Listing
                    -s\OneWire.lst) TABS(6) OBJECT(.\Objects\OneWire.obj)

line level    source

   1          #include <REGX52.H>
   2          #include "UART.h"
   3          #include "Delay.h"
   4          
   5          
   6          sbit OneWire_DQ = P3^7;
   7          
   8          
   9          /**
  10            *@brief  单总线初始化
  11            *@param   void
  12            *@return  返回判断从机是否有响应主机 0响应 1没有响应
  13           */
  14          unsigned char OneWire_Init()
  15          {
  16   1            unsigned char i;
  17   1            unsigned char Ack = 0;
  18   1            OneWire_DQ = 1;
  19   1            OneWire_DQ = 0;
  20   1            
  21   1            //至少延时480us
  22   1            i = 229; while (--i);  //@11.0592MHz 延时500us
  23   1            
  24   1            OneWire_DQ = 1;
  25   1      
  26   1            i = 29;  while (--i);   //@11.0592MHz 延时70us
  27   1            
  28   1            Ack = OneWire_DQ;        
  29   1            
  30   1            i = 229; while (--i);  //@11.0592MHz 延时500us
  31   1            
  32   1            
  33   1            return Ack;
  34   1      }
  35          
  36          
  37          /**
  38            *@brief  发送一个bit
  39            *@param   发送的位
  40            *@return  void
  41           */
  42          void OneWire_SendBit(unsigned char Bit)
  43          {
  44   1            unsigned char i;
  45   1            OneWire_DQ = 1;
  46   1            OneWire_DQ = 0;
  47   1      //    i = 3;  while (--i);  //@11.0592MHz 延时10us
  48   1      //    OneWire_DQ = Bit;
  49   1      //    i = 22;  while (--i);  //@11.0592MHz 延时50us
  50   1            if(Bit)
  51   1            {
  52   2                  i = 3;  while (--i);  //@11.0592MHz 延时10us
  53   2                  OneWire_DQ = 1;
  54   2            }
C51 COMPILER V9.54   ONEWIRE                                                               12/18/2022 17:37:16 PAGE 2   

  55   1            else
  56   1            {
  57   2                  i = 29;  while (--i);   //@11.0592MHz 延时70us
  58   2                  OneWire_DQ = 1;
  59   2            }
  60   1            
  61   1      
  62   1      }
  63          
  64          /**
  65            *@brief  接收位
  66            *@param   void
  67            *@return  返回接收的位
  68           */
  69          unsigned char OneWire_ReceiveBit()
  70          {
  71   1            unsigned char i, Bit;
  72   1            OneWire_DQ = 0;
  73   1            i = 2;  while (--i);  //@11.0592MHz 延时5us
  74   1            i = 2;  while (--i);  //@11.0592MHz 延时5us
  75   1            OneWire_DQ = 1;
  76   1            Bit = OneWire_DQ;
  77   1            i = 22;  while (--i);  //@11.0592MHz 延时50us
  78   1            return Bit;
  79   1      }
  80          
  81          /**
  82            *@brief  发送字节
  83            *@param   发送的字节
  84            *@return  void
  85           */   
  86          void OneWire_SendByte(unsigned char Byte)
  87          {
  88   1            unsigned char i;
  89   1            for(i = 0; i < 8; i++)
  90   1            {
  91   2                  OneWire_SendBit(Byte & (0x01 << i));
  92   2            }      
  93   1      }
  94          
  95          /**
  96            *@brief  接收字节
  97            *@param   void
  98            *@return  返回接收的字节
  99           */
 100          unsigned char OneWire_ReceiveByte()
 101          {
 102   1            unsigned char i;
 103   1            unsigned char Byte = 0;
 104   1            UART_Init();
 105   1            UART_Send(Byte);
 106   1            for(i = 0; i < 8; i++)
 107   1            {
 108   2                  if(OneWire_ReceiveBit()) {Byte |= (0x01 << i);}
 109   2                  
 110   2            }
 111   1            return Byte;
 112   1      }


MODULE INFORMATION:   STATIC OVERLAYABLE
   CODE SIZE        =    135    ----
C51 COMPILER V9.54   ONEWIRE                                                               12/18/2022 17:37:16 PAGE 3   

   CONSTANT SIZE    =   ----    ----
   XDATA SIZE       =   ----    ----
   PDATA SIZE       =   ----    ----
   DATA SIZE        =   ----       1
   IDATA SIZE       =   ----    ----
   BIT SIZE         =   ----    ----
END OF MODULE INFORMATION.


C51 COMPILATION COMPLETE.  0 WARNING(S),  0 ERROR(S)
