C51 COMPILER V9.54   MAIN                                                                  11/26/2022 00:05:46 PAGE 1   


C51 COMPILER V9.54, COMPILATION OF MODULE MAIN
OBJECT MODULE PLACED IN .\Objects\main.obj
COMPILER INVOKED BY: E:\shudian2\5\C51\BIN\C51.EXE main.c OPTIMIZE(8,SPEED) BROWSE DEBUG OBJECTEXTEND PRINT(.\Listings\m
                    -ain.lst) TABS(6) OBJECT(.\Objects\main.obj)

line level    source

   1          #include <REGX52.H>
   2          #include "UART.h"
   3          
   4          int main()
   5          {
   6   1            Uart_Init();
   7   1            while(1)
   8   1            {
   9   2                  
  10   2            }
  11   1            
  12   1            
  13   1            return 0;
  14   1      }
  15          
  16          void UART_Routine() interrupt 4
  17          {
  18   1            if(1 == RI)
  19   1            {
  20   2                  P2 = SBUF;
  21   2                  RI = 0;
  22   2                  UART_Send(P2);
  23   2            }
  24   1      }
*** WARNING C294 IN LINE 13 OF main.c: unreachable code


MODULE INFORMATION:   STATIC OVERLAYABLE
   CODE SIZE        =     74    ----
   CONSTANT SIZE    =   ----    ----
   XDATA SIZE       =   ----    ----
   PDATA SIZE       =   ----    ----
   DATA SIZE        =   ----    ----
   IDATA SIZE       =   ----    ----
   BIT SIZE         =   ----    ----
END OF MODULE INFORMATION.


C51 COMPILATION COMPLETE.  1 WARNING(S),  0 ERROR(S)
