C51 COMPILER V9.54   KEY                                                                   12/26/2022 16:50:55 PAGE 1   


C51 COMPILER V9.54, COMPILATION OF MODULE KEY
OBJECT MODULE PLACED IN .\Objects\Key.obj
COMPILER INVOKED BY: E:\shudian2\5\C51\BIN\C51.EXE Key.c OPTIMIZE(8,SPEED) BROWSE DEBUG OBJECTEXTEND PRINT(.\Listings\Ke
                    -y.lst) TABS(6) OBJECT(.\Objects\Key.obj)

line level    source

   1          #include <REGX52.H>
   2          #include "Delay.h"
   3          #include "LCD1602.h"
   4          
   5          /**
   6            *@brief   通过按键来选择模式
   7            *@param   
   8            *@return  按键代表的模式  
   9           */
  10          unsigned char Matrix_key()
  11          {
  12   1            unsigned char n,m;
  13   1            P1=0xf0;
  14   1            
  15   1            //检测到有按键按下，高四位会有一个变成0
  16   1            if((P1&0xf0)!=0xf0);
  17   1            {
  18   2                  Delayms(10);
  19   2                        
  20   2                  if((P1&0xf0)!=0xf0);
  21   2                  {
  22   3                        //取高四位
  23   3                        n=P1&0xf0;
  24   3                        
  25   3                        P1=0x0f;
  26   3      
  27   3                        //取低四位
  28   3                        m=P1&0x0f;
  29   3                        
  30   3                        return(n+m);
  31   3                  }
  32   2            }
  33   1      }
  34          
  35          
  36          unsigned char Matrix_key_Read()
  37          {
  38   1            switch(Matrix_key())
  39   1                  {
  40   2                        case 0x77:
  41   2                              Write_cmd(0x8a); Write_data('1'); return 1;
  42   2                              break;
  43   2                        case 0x7b:
  44   2                              Write_cmd(0x8a); Write_data('2'); return 2;
  45   2                              break;
  46   2                        case 0x7d:
  47   2                              Write_cmd(0x8a); Write_data('3'); return 3;
  48   2                              break;
  49   2                        case 0x7e:
  50   2                              Write_cmd(0x8a); Write_data('4'); return 4;
  51   2                              break;
  52   2                        
  53   2                        case 0xb7:
  54   2                              Write_cmd(0x8a); Write_data('5'); return 5;
C51 COMPILER V9.54   KEY                                                                   12/26/2022 16:50:55 PAGE 2   

  55   2                              break;
  56   2                        case 0xbb:
  57   2                              Write_cmd(0x8a); Write_data('6'); return 6;
  58   2                              break;
  59   2                        case 0xbd:
  60   2                              Write_cmd(0x8a); Write_data('7'); return 7;
  61   2                              break;
  62   2                        case 0xbe:
  63   2                              Write_cmd(0x8a); Write_data('8'); return 8;
  64   2                              break;
  65   2                        
  66   2                        case 0xd7:
  67   2                              Write_cmd(0x8a); Write_data('9'); return 9;
  68   2                              break;
  69   2                        case 0xdb:
  70   2                              Write_cmd(0x8a); Write_data('0'); return 0;
  71   2                              break;
  72   2            
  73   2                  }
  74   1                  
  75   1      }
  76          
  77          
  78          
  79          
  80          
  81          
  82          
  83          
  84          
  85          
  86          
  87          
*** WARNING C291 IN LINE 75 OF Key.c: not every exit path returns a value


MODULE INFORMATION:   STATIC OVERLAYABLE
   CODE SIZE        =    194    ----
   CONSTANT SIZE    =   ----    ----
   XDATA SIZE       =   ----    ----
   PDATA SIZE       =   ----    ----
   DATA SIZE        =   ----    ----
   IDATA SIZE       =   ----    ----
   BIT SIZE         =   ----    ----
END OF MODULE INFORMATION.


C51 COMPILATION COMPLETE.  1 WARNING(S),  0 ERROR(S)
