C51 COMPILER V9.54   MAIN                                                                  12/26/2022 19:14:09 PAGE 1   


C51 COMPILER V9.54, COMPILATION OF MODULE MAIN
OBJECT MODULE PLACED IN .\Objects\main.obj
COMPILER INVOKED BY: E:\shudian2\5\C51\BIN\C51.EXE main.c OPTIMIZE(8,SPEED) BROWSE DEBUG OBJECTEXTEND PRINT(.\Listings\m
                    -ain.lst) TABS(6) OBJECT(.\Objects\main.obj)

line level    source

   1          #include <REGX52.H>
   2          #include "DHT11.h"
   3          #include "Delay.h"
   4          #include "LCD1602.h"
   5          #include "UART.h"
   6          #include "Timer0.h"
   7          #include "Key.h"
   8          
   9          //电机
  10          sbit Motor = P1^0;
  11          
  12          
  13          
  14          ////进入定时器计数
  15          //unsigned char Timer_count = 0;
  16          //电机计数
  17          unsigned char Motor_count = 0;
  18          //判断闪烁
  19          //static unsigned char flag = 1;
  20          //unsigned char flag2 = 0;
  21          //电机PWM
  22          static char compare = 0;
  23          
  24          
  25          
  26          
  27          
  28          int main()
  29          {
  30   1            unsigned char i = 70;
  31   1            unsigned char i2 = 16;
  32   1      
  33   1            //DHT11上电后至少要延时1s
  34   1            Delayms(1500);
  35   1            
  36   1            Lcd_initial();
  37   1            Timer0_Init();
  38   1            UART_Init();
  39   1            
  40   1            Motor = 0;
  41   1            
  42   1            while(1)
  43   1            {
  44   2                  
  45   2                  //DHT11_Read_5_Byte(arr);
  46   2                  DHT11_LCD1602_Show();
  47   2                  Lcd_write_number(2,9,Matrix_key_Read());
  48   2                  //超过某个值电机转动
  49   2                  compare = DHT11_Alarm(&i,&i2);
  50   2                  
  51   2                  //当未出现异常，电机停止
  52   2                  if(!compare) {Motor = 0;}
  53   2                  
  54   2            }
C51 COMPILER V9.54   MAIN                                                                  12/26/2022 19:14:09 PAGE 2   

  55   1            
  56   1            
  57   1            
  58   1            return 0;
  59   1      }
  60          
  61          
  62          void Timer_Routine() interrupt 1
  63          {
  64   1            
  65   1      
  66   1            if(Motor_count < compare)
  67   1            {
  68   2                  
  69   2                  Motor = 1;
  70   2            }else if
  71   1            (Motor_count >= compare)
  72   1            {
  73   2                  Motor = 0;
  74   2      
  75   2            }
  76   1            Motor_count++;
  77   1            Motor_count %= 10;
  78   1            //复位定时器
  79   1            TH0 = (65535-10000)/256;
  80   1            TL0 = (65535-10000)%256;
  81   1      }
*** WARNING C294 IN LINE 58 OF main.c: unreachable code


MODULE INFORMATION:   STATIC OVERLAYABLE
   CODE SIZE        =    160    ----
   CONSTANT SIZE    =   ----    ----
   XDATA SIZE       =   ----    ----
   PDATA SIZE       =   ----    ----
   DATA SIZE        =      2       2
   IDATA SIZE       =   ----    ----
   BIT SIZE         =   ----    ----
END OF MODULE INFORMATION.


C51 COMPILATION COMPLETE.  1 WARNING(S),  0 ERROR(S)
