C51 COMPILER V9.54   TIMER0                                                                12/26/2022 19:04:17 PAGE 1   


C51 COMPILER V9.54, COMPILATION OF MODULE TIMER0
OBJECT MODULE PLACED IN .\Objects\Timer0.obj
COMPILER INVOKED BY: E:\shudian2\5\C51\BIN\C51.EXE Timer0.c OPTIMIZE(8,SPEED) BROWSE DEBUG OBJECTEXTEND PRINT(.\Listings
                    -\Timer0.lst) TABS(6) OBJECT(.\Objects\Timer0.obj)

line level    source

   1          #include <REGX52.H>
   2          
   3          
   4          //*************************************************
   5          
   6          //功能：定时器0初始化
   7          //返回类型：无
   8          //形参：无
   9          
  10          //*************************************************
  11          
  12          void Timer0_Init()
  13          {
  14   1            
  15   1            TMOD &= 0xf0;
  16   1            TMOD |= 0x01;
  17   1            
  18   1            TF0 = 0;
  19   1            TR0 = 1;
  20   1            
  21   1            //0.065
  22   1            TH0 = (65535-10000)/256;
  23   1            TL0 = (65535-10000)%256;
  24   1            
  25   1            //中断
  26   1            
  27   1            ET0 = 1;
  28   1            EA = 1;
  29   1            
  30   1      }


MODULE INFORMATION:   STATIC OVERLAYABLE
   CODE SIZE        =     21    ----
   CONSTANT SIZE    =   ----    ----
   XDATA SIZE       =   ----    ----
   PDATA SIZE       =   ----    ----
   DATA SIZE        =   ----    ----
   IDATA SIZE       =   ----    ----
   BIT SIZE         =   ----    ----
END OF MODULE INFORMATION.


C51 COMPILATION COMPLETE.  0 WARNING(S),  0 ERROR(S)
