C51 COMPILER V9.54   MAIN                                                                  11/20/2022 21:47:55 PAGE 1   


C51 COMPILER V9.54, COMPILATION OF MODULE MAIN
OBJECT MODULE PLACED IN .\Objects\main.obj
COMPILER INVOKED BY: E:\shudian2\5\C51\BIN\C51.EXE main.c OPTIMIZE(8,SPEED) BROWSE DEBUG OBJECTEXTEND PRINT(.\Listings\m
                    -ain.lst) TABS(6) OBJECT(.\Objects\main.obj)

line level    source

   1          #include <REGX52.H>
   2          #include "Delay.h"
   3          #include "LCD1602.h"
   4          #include "MatrixKey.h"
   5          
   6          //定义密码数组
   7          char mycode[] = "2233";
   8          char arr[4] = {0};
   9          
  10          
  11          //------------------------------------------------------------ 判断数组中字符
  12          int judge(char* arr1, char* arr2)
  13          {
  14   1            
  15   1            while(*arr2 != '\0')
  16   1            {
  17   2                  if(*arr1++ != *arr2++)
  18   2                  {
  19   3                        return 0;
  20   3                  }
  21   2            }
  22   1            
  23   1            return 1;
  24   1      }
  25          
  26          
  27          //------------------------------------------------------------
  28          int main()
  29          {
  30   1            //判断密码显示位置
  31   1            int num = 0;
  32   1            int i;
  33   1            
  34   1            //lcd初始化
  35   1            Lcd_initial();
  36   1            
  37   1            //初始显示0000
  38   1            Lcd_write_string(0x80,"0000");
  39   1            
  40   1            //提示输入密码
  41   1            Lcd_write_string(0xc3,"EntryCode");
  42   1            
  43   1            while(1)
  44   1            {
  45   2                        
  46   2                  switch(Matrix_key())
  47   2                  {
  48   3                        case 0x77:
  49   3                              Write_cmd(0x80+num); Write_data('1'); Delayms(200); arr[num] = '1'; num++;
  50   3                              break;
  51   3                        case 0x7b:
  52   3                              Write_cmd(0x80+num); Write_data('2'); Delayms(200); arr[num] = '2'; num++;
  53   3                              break;
  54   3                        case 0x7d:
C51 COMPILER V9.54   MAIN                                                                  11/20/2022 21:47:55 PAGE 2   

  55   3                              Write_cmd(0x80+num); Write_data('3'); Delayms(200); arr[num] = '3'; num++;
  56   3                              break;
  57   3                        case 0x7e:
  58   3                              Write_cmd(0x80+num); Write_data('4'); Delayms(200); arr[num] = '4'; num++;
  59   3                              break;
  60   3            
  61   3                  }
  62   2                  
  63   2      
  64   2                  
  65   2      
  66   2                  //复位记录密码位置
  67   2                  if(4 == num)
  68   2                  {
  69   3                        i = judge(arr,mycode);
  70   3                        if(1 == i)
  71   3                        {
  72   4                              Lcd_write_string(0xce,"OK");
  73   4                        }
  74   3                        else
  75   3                        {
  76   4                              Lcd_write_string(0x8d,"ERR");
  77   4                        }
  78   3      
  79   3                  
  80   3                        num = 0;
  81   3                  }
  82   2                  
  83   2                  
  84   2            }
  85   1      
  86   1            
  87   1            
  88   1            
  89   1            return 0;
  90   1      }
*** WARNING C294 IN LINE 89 OF main.c: unreachable code


MODULE INFORMATION:   STATIC OVERLAYABLE
   CODE SIZE        =    310    ----
   CONSTANT SIZE    =     22    ----
   XDATA SIZE       =   ----    ----
   PDATA SIZE       =   ----    ----
   DATA SIZE        =      9       8
   IDATA SIZE       =   ----    ----
   BIT SIZE         =   ----    ----
END OF MODULE INFORMATION.


C51 COMPILATION COMPLETE.  1 WARNING(S),  0 ERROR(S)
