C51 COMPILER V9.54   MAIN                                                                  11/27/2022 20:48:22 PAGE 1   


C51 COMPILER V9.54, COMPILATION OF MODULE MAIN
OBJECT MODULE PLACED IN .\Objects\main.obj
COMPILER INVOKED BY: E:\shudian2\5\C51\BIN\C51.EXE main.c OPTIMIZE(8,SPEED) BROWSE DEBUG OBJECTEXTEND PRINT(.\Listings\m
                    -ain.lst) TABS(6) OBJECT(.\Objects\main.obj)

line level    source

   1          #include <REGX52.H>
   2          #include "MatrixScreen.h"
   3          #include "Delay.h"
   4          #include "UART.h"
   5          
   6          
   7          unsigned char temp;
   8          
   9          int main()
  10          {
  11   1      
  12   1            unsigned char i = 1;
  13   1            
  14   1            //74HC595初始化
  15   1            _74HC595_Initial();
  16   1            //UART初始化
  17   1            UART_Initial();
  18   1            
  19   1            
  20   1            while(1)
  21   1            {
  22   2                  
  23   2                  MatrixScreen_Show(i++,temp);
  24   2                  UART_Send(temp);
  25   2                  Delayms(1000);
  26   2                  if(8 == i)
  27   2                  {
  28   3                        i = 1;
  29   3                  }
  30   2                  
  31   2            }
  32   1            
  33   1            
  34   1            return 0;
  35   1      }
  36          
  37          //串口定时器中断
  38          void UART_Routine() interrupt 4
  39          {
  40   1            if(RI)
  41   1            {
  42   2                  temp = SBUF;
  43   2                  RI = 0;
  44   2            }
  45   1      }
*** WARNING C294 IN LINE 34 OF main.c: unreachable code


MODULE INFORMATION:   STATIC OVERLAYABLE
   CODE SIZE        =     50    ----
   CONSTANT SIZE    =   ----    ----
   XDATA SIZE       =   ----    ----
   PDATA SIZE       =   ----    ----
   DATA SIZE        =      1       1
C51 COMPILER V9.54   MAIN                                                                  11/27/2022 20:48:22 PAGE 2   

   IDATA SIZE       =   ----    ----
   BIT SIZE         =   ----    ----
END OF MODULE INFORMATION.


C51 COMPILATION COMPLETE.  1 WARNING(S),  0 ERROR(S)
