C51 COMPILER V9.54   UART                                                                  11/27/2022 20:37:02 PAGE 1   


C51 COMPILER V9.54, COMPILATION OF MODULE UART
OBJECT MODULE PLACED IN .\Objects\UART.obj
COMPILER INVOKED BY: E:\shudian2\5\C51\BIN\C51.EXE UART.c OPTIMIZE(8,SPEED) BROWSE DEBUG OBJECTEXTEND PRINT(.\Listings\U
                    -ART.lst) TABS(6) OBJECT(.\Objects\UART.obj)

line level    source

   1          #include <REGX52.H>
   2          
   3          
   4          //*************************************************
   5          
   6          //功能：串口初始化
   7          //返回类型：void
   8          //形参：void
   9          
  10          //*************************************************
  11          
  12          
  13          void UART_Initial()
  14          {
  15   1            SCON = 0x50;
  16   1            PCON |= 0x80;
  17   1            TMOD &= 0x0f;
  18   1            TMOD |= 0x20;
  19   1            TH1 = 0xf4;
  20   1            TL1 = 0xf4;
  21   1            TR1 = 1;
  22   1            ET1 = 0;
  23   1            ES = 1;
  24   1            EA = 1;
  25   1            
  26   1      }
  27          
  28          
  29          //*************************************************
  30          
  31          //功能：发送
  32          //返回类型：void
  33          //形参：unsigned char 
  34          
  35          //*************************************************
  36          
  37          void UART_Send(unsigned char byte)
  38          {
  39   1      
  40   1            SBUF = byte;
  41   1            while(!TI);
  42   1            TI = 0;
  43   1      
  44   1      }
  45          
  46          
  47          
  48          
  49          
  50          
  51          
  52          
  53          
  54          
C51 COMPILER V9.54   UART                                                                  11/27/2022 20:37:02 PAGE 2   

  55          
  56          
  57          


MODULE INFORMATION:   STATIC OVERLAYABLE
   CODE SIZE        =     35    ----
   CONSTANT SIZE    =   ----    ----
   XDATA SIZE       =   ----    ----
   PDATA SIZE       =   ----    ----
   DATA SIZE        =   ----    ----
   IDATA SIZE       =   ----    ----
   BIT SIZE         =   ----    ----
END OF MODULE INFORMATION.


C51 COMPILATION COMPLETE.  0 WARNING(S),  0 ERROR(S)
