C51 COMPILER V9.54   DHT11                                                                 01/17/2023 16:19:03 PAGE 1   


C51 COMPILER V9.54, COMPILATION OF MODULE DHT11
OBJECT MODULE PLACED IN .\Objects\DHT11.obj
COMPILER INVOKED BY: E:\shudian2\5\C51\BIN\C51.EXE DHT11.c OPTIMIZE(8,SPEED) BROWSE DEBUG OBJECTEXTEND PRINT(.\Listings\
                    -DHT11.lst) TABS(6) OBJECT(.\Objects\DHT11.obj)

line level    source

   1          #include "Delay.h"
   2          #include "intrins.h"
   3          #include <REGX52.H>
   4          #include "LCD1602.h"
   5          #include "UART.h"
   6          #include "AT24C02.h"
   7          
   8          //引脚定义
   9          sbit DHT11_DQ = P2^3;
  10          sbit LED_Warn = P2^2;
  11          
  12          
  13          
  14          
  15          /**
  16            *@brief   DHT11复位
  17            *@param
  18            *@return
  19           */
  20          void DHT11_Rst()
  21          {
  22   1            DHT11_DQ = 1;
  23   1            //主机至少拉低18ms
  24   1            DHT11_DQ = 0;
  25   1            Delay20ms();
  26   1            //主机拉高20-40us
  27   1            DHT11_DQ = 1;
  28   1            Delay30us();      
  29   1      }
  30          
  31          /**
  32            *@brief   DHT11判断响应
  33            *@param
  34            *@return  0响应 其他均为异常
  35           */
  36          unsigned char DHT11_Check()
  37          {
  38   1            unsigned char Ack = 0;
  39   1            unsigned char time = 0;
  40   1            
  41   1            //等待DQ被拉低
  42   1            time = 0;
  43   1            while(DHT11_DQ)
  44   1            {
  45   2                  _nop_();
  46   2                  time++;
  47   2                  if(time > 100) {return 101;}
  48   2            }
  49   1            //已经被拉低，接受响应
  50   1            Ack = DHT11_DQ;
  51   1            //跳过DHT11_DQ低电平信号时间
  52   1            time = 0;
  53   1            while(!DHT11_DQ)
  54   1            {
C51 COMPILER V9.54   DHT11                                                                 01/17/2023 16:19:03 PAGE 2   

  55   2                  _nop_();
  56   2                  time++;
  57   2                  if(time > 50) {return 102;}
  58   2            }
  59   1            //跳过DHT11_DQ高电平信号时间
  60   1            time = 0;
  61   1            while(DHT11_DQ)
  62   1            {
  63   2                  _nop_();
  64   2                  time++;
  65   2                  if(time > 50) {return 103;}
  66   2            }
  67   1            
  68   1            //运行到这里表示可以开始传输数据，返回0
  69   1            return Ack;
  70   1      }
  71          
  72          /**
  73            *@brief   DHT11接受一个字节
  74            *@param
  75            *@return  接受到的字节
  76           */
  77          unsigned char DHT11_Read_1_Byte()
  78          {
  79   1            unsigned char Byte = 0;
  80   1            unsigned char time = 0;
  81   1            unsigned char i = 0;
  82   1            
  83   1            for(i = 0; i < 8; i++)
  84   1            {
  85   2                  //等待50us的低电平过去
  86   2                  time = 0;
  87   2                  while(!DHT11_DQ)
  88   2                  {
  89   3                        _nop_();
  90   3                        time++;
  91   3                        if(time > 50) {return 104;}
  92   3                  }
  93   2                  
  94   2                  //低电平过去  延时40us    
  95   2                  //26-28us表示0 70us表示1
  96   2                  Delay40us();
  97   2                  
  98   2                  //读DQ状态
  99   2                  if(DHT11_DQ) { Byte |= (0x80 >> i);}
 100   2                  
 101   2                  //等待高电平时间过去
 102   2                  time = 0;
 103   2                  while(DHT11_DQ)
 104   2                  {
 105   3                        _nop_();
 106   3                        time++;
 107   3                        if(time > 50) {return 105;}
 108   3                  }
 109   2                  
 110   2            }
 111   1            return Byte;
 112   1            
 113   1      }
 114          
 115          
 116          /**
C51 COMPILER V9.54   DHT11                                                                 01/17/2023 16:19:03 PAGE 3   

 117            *@brief   DHT11读五个字节     湿度高八位  湿度低八位  温度高八位 温度低八位  校验位
 118            *@param
 119            *@return  判断故障
 120           */
 121          unsigned char DHT11_Read_5_Byte(unsigned char * arr)
 122          {
 123   1            unsigned char i = 0;
 124   1            DHT11_Rst();
 125   1            if(0 == DHT11_Check())
 126   1            {
 127   2                  
 128   2                                        
 129   2      //          for(i = 0; i < 5; i++)                              //    ????????????????????
 130   2      //          {
 131   2      //                *(arr+i) = DHT11_Read_1_Byte();
 132   2      //                
 133   2      //          }
 134   2                  
 135   2                  *(arr+0) = DHT11_Read_1_Byte();
 136   2                  *(arr+1) = DHT11_Read_1_Byte();
 137   2                  *(arr+2) = DHT11_Read_1_Byte();
 138   2                  *(arr+3) = DHT11_Read_1_Byte();
 139   2                  *(arr+4) = DHT11_Read_1_Byte();
 140   2                  
 141   2                  if(*(arr+0) + *(arr+1) + *(arr+2) + *(arr+3) == *(arr+4))
 142   2                  {
 143   3                        return 0;
 144   3                  }
 145   2                  else return 106;
 146   2            }
 147   1            else return 107;
 148   1            
 149   1      }
 150          
 151          //DHT11存储
 152          static unsigned char arr[5];
 153          
 154          /**
 155            *@brief   lcd显示温度湿度
 156            *@param   void
 157            *@return  void
 158           */
 159          void DHT11_LCD1602_Show()
 160          {
 161   1            Lcd_write_string(0X80,"NowHum:");
 162   1            Lcd_write_string(0Xc0,"NowTmp:");
 163   1            //读取并存储
 164   1            if(0 == DHT11_Read_5_Byte(arr))
 165   1            {
 166   2                  Lcd_write_number(1,8,arr[0]);
 167   2                  Lcd_write_number(2,8,arr[2]);
 168   2                  Delayms(500);
 169   2            }
 170   1            
 171   1            
 172   1            
 173   1      }
 174          
 175          
 176          /**
 177            *@brief   温度湿度报警
 178            *@param   两个警报临界值
C51 COMPILER V9.54   DHT11                                                                 01/17/2023 16:19:03 PAGE 4   

 179            *@return  返回值作为PWM的比较值来控制电机的转动速度
 180           */
 181          unsigned char DHT11_H_Alarm(unsigned char * humHWarn,unsigned char * tmpHWarn)
 182          {
 183   1            
 184   1            if(arr[0] > (*humHWarn) && arr[2] > (*tmpHWarn))
 185   1            {
 186   2                  return 9;
 187   2            }else if
 188   1            ((arr[0] > (*humHWarn)) || (arr[2] > (*tmpHWarn)))
 189   1            {
 190   2                  return 2;
 191   2            }
 192   1      
 193   1            return 0;
 194   1      
 195   1            
 196   1      }
 197          
 198          /**
 199            *@brief   温度湿度温湿度过低报警
 200            *@param   
 201            *@return  
 202           */
 203          void DHT11_L_Alarm(unsigned char * humLWarn,unsigned char * tmpLWarn)
 204          {
 205   1            
 206   1            if(arr[1] < (*humLWarn) || arr[3] < (*tmpLWarn))
 207   1            {
 208   2                  LED_Warn = 0;
 209   2            }else 
 210   1            {
 211   2                  LED_Warn = 1;
 212   2            }
 213   1      
 214   1            
 215   1      }
 216          
 217          /**
 218            *@brief   防止设定的上下限出问题
 219            *@param   
 220            *@return  
 221           */
 222          void DHT11_SetAlarn(unsigned char * humHWarn, unsigned char * humLWarn,\
 223                              unsigned char * tmpHWarn, unsigned char * tmpLWarn)
 224          {
 225   1            //湿度上限
 226   1            if((*humHWarn) > 99) { (*humHWarn) = 99; }
 227   1            //湿度下线
 228   1            if((*humLWarn) < 30 ) { (*humLWarn) = 30;  }
 229   1            //温度上限
 230   1            if((*tmpHWarn) > 40 ) { (*tmpHWarn) = 40;  }
 231   1            //温度下线
 232   1            if((*tmpLWarn) < 5  ) { (*tmpLWarn) = 5;   }
 233   1      }
 234          
 235          
 236          
 237          
 238          /**
 239            *@brief   读取at24c02中的数据保存到变量中
 240            *@param   
C51 COMPILER V9.54   DHT11                                                                 01/17/2023 16:19:03 PAGE 5   

 241            *@return  
 242           */
 243          void DHT11_SaveDH(unsigned char * humHWarn, unsigned char * humLWarn,\
 244                              unsigned char * tmpHWarn, unsigned char * tmpLWarn)
 245          {
 246   1            *humHWarn = AT24C02_Read(1);
 247   1            *humLWarn = AT24C02_Read(2);
 248   1            *tmpHWarn = AT24C02_Read(3);
 249   1            *tmpLWarn = AT24C02_Read(4);
 250   1            DHT11_SetAlarn(humHWarn,humLWarn,tmpHWarn,tmpLWarn);
 251   1      }
 252          
 253          
 254          


MODULE INFORMATION:   STATIC OVERLAYABLE
   CODE SIZE        =    615    ----
   CONSTANT SIZE    =     16    ----
   XDATA SIZE       =   ----    ----
   PDATA SIZE       =   ----    ----
   DATA SIZE        =      5      43
   IDATA SIZE       =   ----    ----
   BIT SIZE         =   ----    ----
END OF MODULE INFORMATION.


C51 COMPILATION COMPLETE.  0 WARNING(S),  0 ERROR(S)
