C51 COMPILER V9.54   MAIN                                                                  11/16/2022 15:49:39 PAGE 1   


C51 COMPILER V9.54, COMPILATION OF MODULE MAIN
OBJECT MODULE PLACED IN .\Objects\main.obj
COMPILER INVOKED BY: E:\shudian2\5\C51\BIN\C51.EXE main.c OPTIMIZE(8,SPEED) BROWSE DEBUG OBJECTEXTEND PRINT(.\Listings\m
                    -ain.lst) TABS(6) OBJECT(.\Objects\main.obj)

line level    source

   1          //#include <REGX52.H>
   2          
   3          
   4          ////定义断码数组
   5          //char arr[] = {0x3f,0x06,0x5b,0x4f,0x66,0x6d,0x7d,0x07,0x7f,0x6f};
   6          
   7          
   8          
   9          //void temp(int num , int num1)
  10          //{
  11          //    //通过运算转换二进制给片选
  12          //    P2_2 = num%2;
  13          //    num /= 2;
  14          //    P2_3 = num%2;
  15          //    num /= 2;
  16          //    P2_4 = num%2;
  17          
  18          //    P0 = arr[num1];   
  19          //    
  20          //}
  21          
  22          //int main()
  23          //{
  24          //    //------------------------------------------   静态数码管显示6
  25          //    //片选通过138译码器工作，来确定片选
  26          //     
  27          //    //第三位显示六
  28          //    //通过三八译码器确定片选。看图
  29          ////  P2_2 = 1;
  30          ////  P2_3 = 0;
  31          ////  P2_4 = 1;
  32          ////  //断码
  33          ////  P0 = 0X7d;
  34          //    
  35          //    //------------------------------------------   通过子函数
  36          //    //临时测试函数,形参列表（第几个数码管亮，亮的数字）
  37          //    //数码管范围 0-7
  38          //    temp(7,6);
  39          //          
  40          
  41          //    
  42          //    
  43          //    
  44          //    
  45          //    return 0;
  46          //}


MODULE INFORMATION:   STATIC OVERLAYABLE
   CODE SIZE        =   ----    ----
   CONSTANT SIZE    =   ----    ----
   XDATA SIZE       =   ----    ----
   PDATA SIZE       =   ----    ----
   DATA SIZE        =   ----    ----
C51 COMPILER V9.54   MAIN                                                                  11/16/2022 15:49:39 PAGE 2   

   IDATA SIZE       =   ----    ----
   BIT SIZE         =   ----    ----
END OF MODULE INFORMATION.


C51 COMPILATION COMPLETE.  0 WARNING(S),  0 ERROR(S)
