C51 COMPILER V9.54   DHT11                                                                 12/24/2022 20:54:40 PAGE 1   


C51 COMPILER V9.54, COMPILATION OF MODULE DHT11
OBJECT MODULE PLACED IN .\Objects\DHT11.obj
COMPILER INVOKED BY: E:\shudian2\5\C51\BIN\C51.EXE DHT11.c OPTIMIZE(8,SPEED) BROWSE DEBUG OBJECTEXTEND PRINT(.\Listings\
                    -DHT11.lst) TABS(6) OBJECT(.\Objects\DHT11.obj)

line level    source

   1          #include "Delay.h"
   2          #include <REGX52.H>
   3          #include "UART.h"
   4          #include "intrins.h"
   5          
   6          //引脚定义
   7          sbit DHT11_DQ = P2^3;
   8          
   9          
  10          void DHT11_Rst()
  11          {
  12   1            DHT11_DQ = 1;
  13   1            DHT11_DQ = 0;
  14   1            //至少拉低18ms
  15   1            Delay20ms();
  16   1            DHT11_DQ = 1;
  17   1            //拉高20-40us
  18   1            Delay30us();      
  19   1      }
  20          
  21          
  22          unsigned char DHT11_Check()
  23          {
  24   1            unsigned char time = 0;
  25   1            unsigned char Ack = 1;
  26   1            
  27   1            time = 0;
  28   1            while(DHT11_DQ)
  29   1            {
  30   2                  time++;
  31   2                  _nop_();
  32   2                  if(time > 100) {return 101;}
  33   2            }
  34   1            
  35   1            //判断低电平80us
  36   1            time = 0;
  37   1            while(!DHT11_DQ)
  38   1            {
  39   2                  Ack = DHT11_DQ;
  40   2                  time++;
  41   2                  _nop_();
  42   2                  if(time > 100) {return 102;}
  43   2            }
  44   1            
  45   1            
  46   1            //判断高电平80us
  47   1            time = 0;
  48   1            while(DHT11_DQ)
  49   1            {
  50   2                  time++;
  51   2                  _nop_();
  52   2                  if(time > 100) {return 103;}
  53   2            }
  54   1            
C51 COMPILER V9.54   DHT11                                                                 12/24/2022 20:54:40 PAGE 2   

  55   1            //返回0表示有应答
  56   1            return Ack;
  57   1            
  58   1      }
  59          
  60          
  61          
  62          unsigned char DHT11_Receive()
  63          {
  64   1            unsigned char i = 0;
  65   1            unsigned char time = 0;
  66   1            unsigned char byte = 0;
  67   1            
  68   1            
  69   1            
  70   1            for(i = 0; i < 8; i++)
  71   1            {
  72   2                  
  73   2                  //延时50us,等待过去
  74   2                  time = 0;
  75   2                  while(!DHT11_DQ)
  76   2                  {
  77   3                        time++;
  78   3                        _nop_();
  79   3                        if(time > 100) {return 201;}
  80   3                  }
  81   2                  
  82   2                  
  83   2                  //延时40us读取
  84   2                  Delay40us();
  85   2                  
  86   2                  if(DHT11_DQ == 1)
  87   2                  {
  88   3                        byte |= (0x80 >> i);
  89   3                        //等待高电平时间过去
  90   3                        time = 0;
  91   3                        while(DHT11_DQ)
  92   3                        {
  93   4                              time++;
  94   4                              _nop_();
  95   4                              if(time > 100) {return 202;}
  96   4                        }
  97   3                  }
  98   2                  
  99   2            }
 100   1      
 101   1            return byte;      
 102   1      }
 103          
 104          unsigned char DHT11_Read_5Byte(unsigned char * tempH, unsigned char * tempL, unsigned char * humiH, unsign
             -ed char * humiL)
 105          {
 106   1            unsigned char arr[5];
 107   1            
 108   1            DHT11_Rst();
 109   1            if(0 == DHT11_Check())
 110   1            {
 111   2                  
 112   2                  arr[0] = DHT11_Receive();     //湿度高八位
 113   2                  arr[1] = DHT11_Receive();     //湿度低八位
 114   2                  arr[2] = DHT11_Receive();     //温度高八位
 115   2                  arr[3] = DHT11_Receive();     //温度低八位
C51 COMPILER V9.54   DHT11                                                                 12/24/2022 20:54:40 PAGE 3   

 116   2                  arr[4] = DHT11_Receive();     //校验
 117   2                  Delay40us();
 118   2                  //校验正确
 119   2                  if((arr[0] + arr[1] + arr[2] + arr[3]) == arr[4])
 120   2                  {
 121   3                        * tempH = arr[2];
 122   3                        * tempL = arr[3];
 123   3                        * humiH = arr[0];
 124   3                        * humiL = arr[1];
 125   3                  
 126   3                  
 127   3                        
 128   3                  }
 129   2                        
 130   2            }
 131   1            else {return 302;}
 132   1      
 133   1            //正常
 134   1            return 0;
 135   1      }
 136          
 137          
 138          
 139          
 140          
 141          
 142          
 143          
 144          
 145          
 146          


MODULE INFORMATION:   STATIC OVERLAYABLE
   CODE SIZE        =    277    ----
   CONSTANT SIZE    =   ----    ----
   XDATA SIZE       =   ----    ----
   PDATA SIZE       =   ----    ----
   DATA SIZE        =   ----      20
   IDATA SIZE       =   ----    ----
   BIT SIZE         =   ----    ----
END OF MODULE INFORMATION.


C51 COMPILATION COMPLETE.  0 WARNING(S),  0 ERROR(S)
