C51 COMPILER V9.54   UART                                                                  12/24/2022 14:36:00 PAGE 1   


C51 COMPILER V9.54, COMPILATION OF MODULE UART
OBJECT MODULE PLACED IN .\Objects\UART.obj
COMPILER INVOKED BY: E:\shudian2\5\C51\BIN\C51.EXE UART.c OPTIMIZE(8,SPEED) BROWSE DEBUG OBJECTEXTEND PRINT(.\Listings\U
                    -ART.lst) TABS(6) OBJECT(.\Objects\UART.obj)

line level    source

   1          #include <REGX52.H>
   2          
   3          //*************************************************
   4          
   5          //串口初始化
   6          
   7          //*************************************************
   8          void Uart_Init()
   9          {
  10   1            SCON = 0x40;
  11   1            PCON |= 0x80;
  12   1            TMOD &= 0x0f;
  13   1            TMOD |= 0x20;
  14   1            TH1 = 0xf4;
  15   1            TL1 = 0xf4;
  16   1            TR1 = 1;
  17   1            ET1 = 0;
  18   1      
  19   1            
  20   1      }
  21          
  22          
  23          //*************************************************
  24          
  25          //串口发送 
  26          
  27          //*************************************************
  28          void Uart_Send(unsigned char send)
  29          {
  30   1            SBUF = send;
  31   1            while(0 == TI);
  32   1            TI = 0;
  33   1      }
  34          


MODULE INFORMATION:   STATIC OVERLAYABLE
   CODE SIZE        =     31    ----
   CONSTANT SIZE    =   ----    ----
   XDATA SIZE       =   ----    ----
   PDATA SIZE       =   ----    ----
   DATA SIZE        =   ----    ----
   IDATA SIZE       =   ----    ----
   BIT SIZE         =   ----    ----
END OF MODULE INFORMATION.


C51 COMPILATION COMPLETE.  0 WARNING(S),  0 ERROR(S)
