C51 COMPILER V9.54   KEY                                                                   01/23/2023 11:37:49 PAGE 1   


C51 COMPILER V9.54, COMPILATION OF MODULE KEY
OBJECT MODULE PLACED IN .\Objects\Key.obj
COMPILER INVOKED BY: E:\shudian2\5\C51\BIN\C51.EXE Key.c OPTIMIZE(8,SPEED) BROWSE DEBUG OBJECTEXTEND PRINT(.\Listings\Ke
                    -y.lst) TABS(6) OBJECT(.\Objects\Key.obj)

line level    source

   1          #include <REGX52.H>
   2          #include "Delay.h"
   3          #include "LCD1602.h"
   4          #include "AT24C02.h"
   5          
   6          /**
   7            *@brief   通过按键来选择模式
   8            *@param   
   9            *@return  按键代表的模式  
  10           */
  11          unsigned char Matrix_key()
  12          {
  13   1            unsigned char n,m;
  14   1            P1=0xf0;
  15   1            
  16   1            //检测到有按键按下，高四位会有一个变成0
  17   1            if((P1&0xf0)!=0xf0);
  18   1            {
  19   2                  Delayms(10);
  20   2                        
  21   2                  if((P1&0xf0)!=0xf0);
  22   2                  {
  23   3                        //取高四位
  24   3                        n=P1&0xf0;
  25   3                        
  26   3                        P1=0x0f;
  27   3      
  28   3                        //取低四位
  29   3                        m=P1&0x0f;
  30   3                        
  31   3                        return(n+m);
  32   3                  }
  33   2            }
  34   1      }
  35          
  36          /**
  37            *@brief   通过矩阵键盘来设置温度湿度上下限
  38            *@param   分别是 湿度上限 湿度下线 温度上限 温度下线
  39            *@return  void
  40           */
  41          void Matrix_Set_DH(unsigned char * humHWarn, unsigned char * humLWarn,\
  42                              unsigned char * tmpHWarn, unsigned char * tmpLWarn)
  43          {
  44   1            //湿度上下限加减
  45   1            if(0x77 == Matrix_key()) {(*humHWarn)++; AT24C02_Write(1,(*humHWarn)); while(0x77 == Matrix_key());}
  46   1            if(0x7b == Matrix_key()) {(*humHWarn)--; AT24C02_Write(1,(*humHWarn)); while(0x7b == Matrix_key());}
  47   1            if(0x7d == Matrix_key()) {(*humLWarn)++; AT24C02_Write(2,(*humLWarn)); while(0x7d == Matrix_key());}
  48   1            if(0x7e == Matrix_key()) {(*humLWarn)--; AT24C02_Write(2,(*humLWarn)); while(0x7e == Matrix_key());}
  49   1            
  50   1            //温度上下限加减
  51   1            if(0xb7 == Matrix_key()) {(*tmpHWarn)++; AT24C02_Write(3,(*tmpHWarn)); while(0xb7 == Matrix_key());}
  52   1            if(0xbb == Matrix_key()) {(*tmpHWarn)--; AT24C02_Write(3,(*tmpHWarn)); while(0xbb == Matrix_key());}
  53   1            if(0xbd == Matrix_key()) {(*tmpLWarn)++; AT24C02_Write(4,(*tmpLWarn)); while(0xbd == Matrix_key());}
  54   1            if(0xbe == Matrix_key()) {(*tmpLWarn)--; AT24C02_Write(4,(*tmpLWarn)); while(0xbe == Matrix_key());}
C51 COMPILER V9.54   KEY                                                                   01/23/2023 11:37:49 PAGE 2   

  55   1            
  56   1      
  57   1      }
  58          
  59          
  60          /**
  61            *@brief   通过选择来进行一键设置
  62            *@param   温湿度上下限预警值
  63            *@return  void
  64           */
  65          void Key_OnetouchSet(unsigned char * humHWarn, unsigned char * humLWarn,\
  66                              unsigned char * tmpHWarn, unsigned char * tmpLWarn)
  67          {
  68   1            char i;
  69   1            Write_cmd(0x01);
  70   1            Delayms(100);
  71   1            for(i = 15; i >= 0; i--)
  72   1            {
  73   2                  Lcd_write_string(0x80+i,"OnetouchSet: ");
  74   2                  Delayms(300);
  75   2            }     
  76   1      
  77   1            while(0xee != Matrix_key())
  78   1            {
  79   2                  //一键设置番茄最佳温湿度
  80   2                  if(0xd7 == Matrix_key())
  81   2                  {
  82   3                        Lcd_write_string(0xc0,"            ");
  83   3                        Lcd_write_string(0xc0,"Toamato!");
  84   3                        (*humHWarn) = 60;
  85   3                        AT24C02_Write(1,(*humHWarn));
  86   3                        (*humLWarn) = 30;
  87   3                        AT24C02_Write(2,(*humLWarn));
  88   3                        (*tmpHWarn) = 30;
  89   3                        AT24C02_Write(3,(*tmpHWarn));
  90   3                        (*tmpLWarn) = 25;
  91   3                        AT24C02_Write(4,(*tmpLWarn));
  92   3                  }
  93   2                  //一键设置茄子最佳温湿度
  94   2                  if(0xdb == Matrix_key())
  95   2                  {
  96   3                        Lcd_write_string(0xc0,"            ");
  97   3                        Lcd_write_string(0xc0,"Eggplant!");
  98   3                        (*humHWarn) = 40;
  99   3                        AT24C02_Write(1,(*humHWarn));
 100   3                        (*humLWarn) = 30;
 101   3                        AT24C02_Write(2,(*humLWarn));
 102   3                        (*tmpHWarn) = 30;
 103   3                        AT24C02_Write(3,(*tmpHWarn));
 104   3                        (*tmpLWarn) = 15;
 105   3                        AT24C02_Write(4,(*tmpLWarn));
 106   3                  }           
 107   2                  //一键设置胡萝卜最佳温湿度
 108   2                  if(0xdd == Matrix_key())
 109   2                  {
 110   3                        Lcd_write_string(0xc0,"            ");
 111   3                        Lcd_write_string(0xc0,"Carrot!");
 112   3                        (*humHWarn) = 50;
 113   3                        AT24C02_Write(1,(*humHWarn));
 114   3                        (*humLWarn) = 35;
 115   3                        AT24C02_Write(2,(*humLWarn));
 116   3                        (*tmpHWarn) = 30;
C51 COMPILER V9.54   KEY                                                                   01/23/2023 11:37:49 PAGE 3   

 117   3                        AT24C02_Write(3,(*tmpHWarn));
 118   3                        (*tmpLWarn) = 13;
 119   3                        AT24C02_Write(4,(*tmpLWarn));
 120   3                  }           
 121   2                  //一键设置韭菜最佳温湿度
 122   2                  if(0xde == Matrix_key())
 123   2                  {
 124   3                        Lcd_write_string(0xc0,"            ");
 125   3                        Lcd_write_string(0xc0,"Leek!");
 126   3                        (*humHWarn) = 70;
 127   3                        AT24C02_Write(1,(*humHWarn));
 128   3                        (*humLWarn) = 40;
 129   3                        AT24C02_Write(2,(*humLWarn));
 130   3                        (*tmpHWarn) = 25;
 131   3                        AT24C02_Write(3,(*tmpHWarn));
 132   3                        (*tmpLWarn) = 20;
 133   3                        AT24C02_Write(4,(*tmpLWarn));
 134   3                  }
 135   2            }
 136   1            Write_cmd(0x01);
 137   1            Delayms(100);
 138   1      }
 139          
 140                
 141          
 142          
 143          
 144          
 145          


MODULE INFORMATION:   STATIC OVERLAYABLE
   CODE SIZE        =    971    ----
   CONSTANT SIZE    =     60    ----
   XDATA SIZE       =   ----    ----
   PDATA SIZE       =   ----    ----
   DATA SIZE        =   ----      25
   IDATA SIZE       =   ----    ----
   BIT SIZE         =   ----    ----
END OF MODULE INFORMATION.


C51 COMPILATION COMPLETE.  0 WARNING(S),  0 ERROR(S)
