C51 COMPILER V9.54   MAIN                                                                  11/22/2022 22:22:03 PAGE 1   


C51 COMPILER V9.54, COMPILATION OF MODULE MAIN
OBJECT MODULE PLACED IN .\Objects\main.obj
COMPILER INVOKED BY: E:\shudian2\5\C51\BIN\C51.EXE main.c OPTIMIZE(8,SPEED) BROWSE DEBUG OBJECTEXTEND PRINT(.\Listings\m
                    -ain.lst) TABS(6) OBJECT(.\Objects\main.obj)

line level    source

   1          #include <REGX52.H>
   2          #include "Delay.h"
   3          #include "Timer0.h"
   4          
   5          
   6          
   7          
   8          //**************************************************************
   9          
  10          //1. 寄存器工作模式TMOD
  11          //2. 控制寄存器TCON
  12          //3. TH0 TL0
  13          
  14          // 65536us == 65ms == 0.065s
  15          //**************************************************************
  16          
  17          
  18          int main()
  19          {
  20   1            T0_Initial();
  21   1            while(1)
  22   1            {
  23   2                  
  24   2            }
  25   1            
  26   1            
  27   1            return 0;
  28   1      }
  29          
  30          
  31          
  32          //定时器0中断
  33          //定义计数
  34          int count = 0;
  35          
  36          void T0_Routine() interrupt 1
  37          {
  38   1            count++;
  39   1            TH0 = (65535-10000)/256;
  40   1            TL0 = (65535-10000)%256;
  41   1            
  42   1            if(100 == count)
  43   1            {
  44   2                  count = 0;
  45   2                  P2_0 = ~P2_0;
  46   2            }
  47   1            
  48   1      
  49   1      
  50   1      }
  51          
  52          
  53          
  54          
C51 COMPILER V9.54   MAIN                                                                  11/22/2022 22:22:03 PAGE 2   

  55          
  56          
  57          
  58          
  59          
*** WARNING C294 IN LINE 27 OF main.c: unreachable code


MODULE INFORMATION:   STATIC OVERLAYABLE
   CODE SIZE        =     38    ----
   CONSTANT SIZE    =   ----    ----
   XDATA SIZE       =   ----    ----
   PDATA SIZE       =   ----    ----
   DATA SIZE        =      2    ----
   IDATA SIZE       =   ----    ----
   BIT SIZE         =   ----    ----
END OF MODULE INFORMATION.


C51 COMPILATION COMPLETE.  1 WARNING(S),  0 ERROR(S)
