C51 COMPILER V9.54   TIMER0                                                                11/22/2022 22:23:36 PAGE 1   


C51 COMPILER V9.54, COMPILATION OF MODULE TIMER0
OBJECT MODULE PLACED IN .\Objects\Timer0.obj
COMPILER INVOKED BY: E:\shudian2\5\C51\BIN\C51.EXE Timer0.c OPTIMIZE(8,SPEED) BROWSE DEBUG OBJECTEXTEND PRINT(.\Listings
                    -\Timer0.lst) TABS(6) OBJECT(.\Objects\Timer0.obj)

line level    source

   1          #include <REGX52.H>
   2          
   3          //*****************************************
   4          
   5          //定时器T0初始化
   6          //默认0.01s
   7          
   8          //*****************************************
   9          void T0_Initial()
  10          {
  11   1            //高四位不变
  12   1            TMOD = TMOD & 0xf0;
  13   1            TMOD = TMOD | 0x01;
  14   1            TF0 = 0;
  15   1            TR0 = 1;
  16   1            
  17   1            TH0 = (65536-10000)/256;
  18   1            TL0 = (65536-10000)%256;
  19   1            
  20   1            //中断
  21   1            ET0 = 1;
  22   1            EA = 1;
  23   1            PT0 = 0;
  24   1            
  25   1      
  26   1      }
  27          //*****************************************
  28          
  29          //定时器0中断
  30          //一般放置于主函数下面，复制过去
  31          
  32          //*****************************************
  33          
  34          //void T0_Routine() interrupt 1
  35          //{
  36          //    static int count;
  37          //    count++;
  38          //    TH0 = (65535-10000)/256;
  39          //    TL0 = (65535-10000)%256;
  40          //    
  41          //    if(100 == count)
  42          //    {
  43          //          count = 0;
  44          //          P2_0 = ~P2_0;
  45          //    }
  46          //    
  47          
  48          
  49          //}
  50          
  51          


MODULE INFORMATION:   STATIC OVERLAYABLE
C51 COMPILER V9.54   TIMER0                                                                11/22/2022 22:23:36 PAGE 2   

   CODE SIZE        =     23    ----
   CONSTANT SIZE    =   ----    ----
   XDATA SIZE       =   ----    ----
   PDATA SIZE       =   ----    ----
   DATA SIZE        =   ----    ----
   IDATA SIZE       =   ----    ----
   BIT SIZE         =   ----    ----
END OF MODULE INFORMATION.


C51 COMPILATION COMPLETE.  0 WARNING(S),  0 ERROR(S)
