C51 COMPILER V9.54   DHT11                                                                 01/15/2023 20:46:10 PAGE 1   


C51 COMPILER V9.54, COMPILATION OF MODULE DHT11
OBJECT MODULE PLACED IN .\Objects\DHT11.obj
COMPILER INVOKED BY: E:\shudian2\5\C51\BIN\C51.EXE DHT11.c OPTIMIZE(8,SPEED) BROWSE DEBUG OBJECTEXTEND PRINT(.\Listings\
                    -DHT11.lst) TABS(6) OBJECT(.\Objects\DHT11.obj)

line level    source

   1          #include "Delay.h"
   2          #include "intrins.h"
   3          #include <REGX52.H>
   4          #include "LCD1602.h"
   5          #include "UART.h"
   6          
   7          
   8          //引脚定义
   9          sbit DHT11_DQ = P2^3;
  10          
  11          
  12          
  13          
  14          /**
  15            *@brief   DHT11复位
  16            *@param
  17            *@return
  18           */
  19          void DHT11_Rst()
  20          {
  21   1            DHT11_DQ = 1;
  22   1            //主机至少拉低18ms
  23   1            DHT11_DQ = 0;
  24   1            Delay20ms();
  25   1            //主机拉高20-40us
  26   1            DHT11_DQ = 1;
  27   1            Delay30us();      
  28   1      }
  29          
  30          /**
  31            *@brief   DHT11判断响应
  32            *@param
  33            *@return  0响应 其他均为异常
  34           */
  35          unsigned char DHT11_Check()
  36          {
  37   1            unsigned char Ack = 0;
  38   1            unsigned char time = 0;
  39   1            
  40   1            //等待DQ被拉低
  41   1            time = 0;
  42   1            while(DHT11_DQ)
  43   1            {
  44   2                  _nop_();
  45   2                  time++;
  46   2                  if(time > 100) {return 101;}
  47   2            }
  48   1            //已经被拉低，接受响应
  49   1            Ack = DHT11_DQ;
  50   1            //跳过DHT11_DQ低电平信号时间
  51   1            time = 0;
  52   1            while(!DHT11_DQ)
  53   1            {
  54   2                  _nop_();
C51 COMPILER V9.54   DHT11                                                                 01/15/2023 20:46:10 PAGE 2   

  55   2                  time++;
  56   2                  if(time > 50) {return 102;}
  57   2            }
  58   1            //跳过DHT11_DQ高电平信号时间
  59   1            time = 0;
  60   1            while(DHT11_DQ)
  61   1            {
  62   2                  _nop_();
  63   2                  time++;
  64   2                  if(time > 50) {return 103;}
  65   2            }
  66   1            
  67   1            //运行到这里表示可以开始传输数据，返回0
  68   1            return Ack;
  69   1      }
  70          
  71          /**
  72            *@brief   DHT11接受一个字节
  73            *@param
  74            *@return  接受到的字节
  75           */
  76          unsigned char DHT11_Read_1_Byte()
  77          {
  78   1            unsigned char Byte = 0;
  79   1            unsigned char time = 0;
  80   1            unsigned char i = 0;
  81   1            
  82   1            for(i = 0; i < 8; i++)
  83   1            {
  84   2                  //等待50us的低电平过去
  85   2                  time = 0;
  86   2                  while(!DHT11_DQ)
  87   2                  {
  88   3                        _nop_();
  89   3                        time++;
  90   3                        if(time > 50) {return 104;}
  91   3                  }
  92   2                  
  93   2                  //低电平过去  延时40us    
  94   2                  //26-28us表示0 70us表示1
  95   2                  Delay40us();
  96   2                  
  97   2                  //读DQ状态
  98   2                  if(DHT11_DQ) { Byte |= (0x80 >> i);}
  99   2                  
 100   2                  //等待高电平时间过去
 101   2                  time = 0;
 102   2                  while(DHT11_DQ)
 103   2                  {
 104   3                        _nop_();
 105   3                        time++;
 106   3                        if(time > 50) {return 105;}
 107   3                  }
 108   2                  
 109   2            }
 110   1            return Byte;
 111   1            
 112   1      }
 113          
 114          
 115          /**
 116            *@brief   DHT11读五个字节     湿度高八位  湿度低八位  温度高八位 温度低八位  校验位
C51 COMPILER V9.54   DHT11                                                                 01/15/2023 20:46:10 PAGE 3   

 117            *@param
 118            *@return  判断故障
 119           */
 120          unsigned char DHT11_Read_5_Byte(unsigned char * arr)
 121          {
 122   1            unsigned char i = 0;
 123   1            DHT11_Rst();
 124   1            if(0 == DHT11_Check())
 125   1            {
 126   2                  
 127   2                                        
 128   2      //          for(i = 0; i < 5; i++)                              //    ????????????????????
 129   2      //          {
 130   2      //                *(arr+i) = DHT11_Read_1_Byte();
 131   2      //                
 132   2      //          }
 133   2                  
 134   2                  *(arr+0) = DHT11_Read_1_Byte();
 135   2                  *(arr+1) = DHT11_Read_1_Byte();
 136   2                  *(arr+2) = DHT11_Read_1_Byte();
 137   2                  *(arr+3) = DHT11_Read_1_Byte();
 138   2                  *(arr+4) = DHT11_Read_1_Byte();
 139   2                  
 140   2                  if(*(arr+0) + *(arr+1) + *(arr+2) + *(arr+3) == *(arr+4))
 141   2                  {
 142   3                        return 0;
 143   3                  }
 144   2                  else return 106;
 145   2            }
 146   1            else return 107;
 147   1            
 148   1      }
 149          
 150          //DHT11存储
 151          static unsigned char arr[5];
 152          
 153          /**
 154            *@brief   lcd显示温度湿度
 155            *@param   void
 156            *@return  void
 157           */
 158          void DHT11_LCD1602_Show()
 159          {
 160   1            Lcd_write_string(0X80,"NowHum:");
 161   1            Lcd_write_string(0Xc0,"NowTmp:");
 162   1            //读取并存储
 163   1            if(0 == DHT11_Read_5_Byte(arr))
 164   1            {
 165   2                  Lcd_write_number(1,8,arr[0]);
 166   2                  Lcd_write_number(2,8,arr[2]);
 167   2                  Delayms(500);
 168   2            }
 169   1            
 170   1            
 171   1            
 172   1      }
 173          
 174          
 175          /**
 176            *@brief   温度湿度报警
 177            *@param   两个警报临界值
 178            *@return  返回值作为PWM的比较值来控制电机的转动速度
C51 COMPILER V9.54   DHT11                                                                 01/15/2023 20:46:10 PAGE 4   

 179           */
 180          unsigned char DHT11_H_Alarm(unsigned char * humHWarn,unsigned char * tmpHWarn)
 181          {
 182   1            
 183   1            if(arr[0] > (*humHWarn) && arr[2] > (*tmpHWarn))
 184   1            {
 185   2                  return 9;
 186   2            }else if
 187   1            ((arr[0] > (*humHWarn)) || (arr[2] > (*tmpHWarn)))
 188   1            {
 189   2                  return 2;
 190   2            }
 191   1      
 192   1            return 0;
 193   1      
 194   1            
 195   1      }
 196          
 197          
 198          
 199          
 200          
 201          
 202          
 203          
 204          


MODULE INFORMATION:   STATIC OVERLAYABLE
   CODE SIZE        =    410    ----
   CONSTANT SIZE    =     16    ----
   XDATA SIZE       =   ----    ----
   PDATA SIZE       =   ----    ----
   DATA SIZE        =      5      13
   IDATA SIZE       =   ----    ----
   BIT SIZE         =   ----    ----
END OF MODULE INFORMATION.


C51 COMPILATION COMPLETE.  0 WARNING(S),  0 ERROR(S)
