C51 COMPILER V9.54   KEY                                                                   01/15/2023 21:05:31 PAGE 1   


C51 COMPILER V9.54, COMPILATION OF MODULE KEY
OBJECT MODULE PLACED IN .\Objects\Key.obj
COMPILER INVOKED BY: E:\shudian2\5\C51\BIN\C51.EXE Key.c OPTIMIZE(8,SPEED) BROWSE DEBUG OBJECTEXTEND PRINT(.\Listings\Ke
                    -y.lst) TABS(6) OBJECT(.\Objects\Key.obj)

line level    source

   1          #include <REGX52.H>
   2          #include "Delay.h"
   3          #include "LCD1602.h"
   4          #include "AT24C02.h"
   5          
   6          /**
   7            *@brief   通过按键来选择模式
   8            *@param   
   9            *@return  按键代表的模式  
  10           */
  11          unsigned char Matrix_key()
  12          {
  13   1            unsigned char n,m;
  14   1            P1=0xf0;
  15   1            
  16   1            //检测到有按键按下，高四位会有一个变成0
  17   1            if((P1&0xf0)!=0xf0);
  18   1            {
  19   2                  Delayms(10);
  20   2                        
  21   2                  if((P1&0xf0)!=0xf0);
  22   2                  {
  23   3                        //取高四位
  24   3                        n=P1&0xf0;
  25   3                        
  26   3                        P1=0x0f;
  27   3      
  28   3                        //取低四位
  29   3                        m=P1&0x0f;
  30   3                        
  31   3                        return(n+m);
  32   3                  }
  33   2            }
  34   1      }
  35          
  36          /**
  37            *@brief   通过矩阵键盘来设置温度湿度上下限
  38            *@param   分别是 湿度上限 湿度下线 温度上限 温度下线
  39            *@return  void
  40           */
  41          void Matrix_Set_DH(unsigned char * humHWarn, unsigned char * humLWarn,\
  42                              unsigned char * tmpHWarn, unsigned char * tmpLWarn)
  43          {
  44   1            //湿度上下限加减
  45   1            if(0x77 == Matrix_key()) {(*humHWarn)++; AT24C02_Write(1,(*humHWarn)); while(0x77 == Matrix_key());}
  46   1            if(0x7b == Matrix_key()) {(*humHWarn)--; AT24C02_Write(1,(*humHWarn)); while(0x7b == Matrix_key());}
  47   1            if(0x7d == Matrix_key()) {(*humLWarn)++; AT24C02_Write(2,(*humLWarn)); while(0x7d == Matrix_key());}
  48   1            if(0x7e == Matrix_key()) {(*humLWarn)--; AT24C02_Write(2,(*humLWarn)); while(0x7e == Matrix_key());}
  49   1            
  50   1            //温度上下限加减
  51   1            if(0xb7 == Matrix_key()) {(*tmpHWarn)++; AT24C02_Write(3,(*tmpHWarn)); while(0xb7 == Matrix_key());}
  52   1            if(0xbb == Matrix_key()) {(*tmpHWarn)--; AT24C02_Write(3,(*tmpHWarn)); while(0xbb == Matrix_key());}
  53   1            if(0xbd == Matrix_key()) {(*tmpLWarn)++; AT24C02_Write(4,(*tmpLWarn)); while(0xbd == Matrix_key());}
  54   1            if(0xbe == Matrix_key()) {(*tmpLWarn)--; AT24C02_Write(4,(*tmpLWarn)); while(0xbe == Matrix_key());}
C51 COMPILER V9.54   KEY                                                                   01/15/2023 21:05:31 PAGE 2   

  55   1            
  56   1      
  57   1      }
  58          
  59          
  60          
  61          
  62          
  63          
  64          
  65          
  66          
  67          


MODULE INFORMATION:   STATIC OVERLAYABLE
   CODE SIZE        =    318    ----
   CONSTANT SIZE    =   ----    ----
   XDATA SIZE       =   ----    ----
   PDATA SIZE       =   ----    ----
   DATA SIZE        =   ----      12
   IDATA SIZE       =   ----    ----
   BIT SIZE         =   ----    ----
END OF MODULE INFORMATION.


C51 COMPILATION COMPLETE.  0 WARNING(S),  0 ERROR(S)
