C51 COMPILER V9.54   LCD1602                                                               01/15/2023 20:46:10 PAGE 1   


C51 COMPILER V9.54, COMPILATION OF MODULE LCD1602
OBJECT MODULE PLACED IN .\Objects\LCD1602.obj
COMPILER INVOKED BY: E:\shudian2\5\C51\BIN\C51.EXE LCD1602.c OPTIMIZE(8,SPEED) BROWSE DEBUG OBJECTEXTEND PRINT(.\Listing
                    -s\LCD1602.lst) TABS(6) OBJECT(.\Objects\LCD1602.obj)

line level    source

   1          #include <REGX52.H>
   2          #include <intrins.h>
   3          #include "Delay.h"
   4          #include "Key.h"
   5          #include "AT24C02.h"
   6          
   7          //定义寄存器
   8          #define Lcdout P0
   9          
  10          
  11          //定义引脚
  12          sbit RS = P2^6;
  13          sbit RW = P2^5;
  14          sbit EN = P2^7;
  15          
  16          
  17          
  18          //**************************************************************
  19          //----------------------------  Write_cmd 和 Write_data 差别在RS电平
  20          //发送命令  RS = 0
  21          void Write_cmd(unsigned char cmd)
  22          {
  23   1      
  24   1            RS = 0;
  25   1            RW = 0;
  26   1            EN = 0;
  27   1      
  28   1            //单片机把要发送的数据放到数据总线里
  29   1            Lcdout = cmd;
  30   1            
  31   1            EN = 1;
  32   1            
  33   1            _nop_();
  34   1      
  35   1            EN = 0;
  36   1            
  37   1            Delayms(1);
  38   1      
  39   1            
  40   1      }
  41          //**************************************************************
  42          //发送数据 RS = 1
  43          void Write_data(unsigned char cmd)
  44          {
  45   1      
  46   1            RS = 1;
  47   1            RW = 0;
  48   1            EN = 0;
  49   1      
  50   1            //单片机把要发送的数据放到数据总线里
  51   1            Lcdout = cmd;
  52   1            
  53   1            EN = 1;
  54   1            
C51 COMPILER V9.54   LCD1602                                                               01/15/2023 20:46:10 PAGE 2   

  55   1            _nop_();
  56   1      
  57   1            EN = 0;
  58   1            
  59   1            Delayms(1);
  60   1            
  61   1      
  62   1      }
  63          //**************************************************************
  64          void Lcd_initial()
  65          {
  66   1      
  67   1            Write_cmd(0x01);
  68   1            Write_cmd(0x06);
  69   1            
  70   1            Write_cmd(0x0c);
  71   1            Write_cmd(0x38);
  72   1            
  73   1      
  74   1            
  75   1            Delayms(1);
  76   1            
  77   1            
  78   1      }
  79          //**************************************************************
  80          void Lcd_write_string(char cmd, char* addr)
  81          {
  82   1            while(*addr != '\0')
  83   1            {
  84   2                  Write_cmd(cmd++);
  85   2                  Write_data(*addr);
  86   2                  addr++;
  87   2            }
  88   1      }
  89          
  90          //**************************************************************
  91          
  92          //在第几行第几列显示数字
  93          //形参列表（行，列，数字）
  94          
  95          //**************************************************************
  96          void Lcd_write_number(char line, char row ,unsigned char number)
  97          {
  98   1            if(1 == line)
  99   1            {
 100   2                  Write_cmd(0x80+row-1);
 101   2            
 102   2                  Write_data((number/10)+0x30);
 103   2                  Write_data((number%10)+0x30);
 104   2            }
 105   1            else if(2 == line)
 106   1            {
 107   2                  Write_cmd(0xc0+row-1);
 108   2                  
 109   2                  Write_data((number/10)+0x30);
 110   2                  Write_data((number%10)+0x30);
 111   2            }
 112   1      }
 113          
 114          /**
 115            *@brief   LCD显示开始界面
 116            *@param   void
C51 COMPILER V9.54   LCD1602                                                               01/15/2023 20:46:10 PAGE 3   

 117            *@return  void
 118           */
 119          void LCD_ShowBegin()
 120          {
 121   1            char i;
 122   1            
 123   1            for(i = 15; i >= 0; i--)
 124   1            {
 125   2                  Lcd_write_string(0x80+i,"Welcome to use!");
 126   2                  Delayms(300);
 127   2            }
 128   1            for(i = 15; i >= 0; i--)
 129   1            {
 130   2                  Lcd_write_string(0xc0+i,"Please set!   ->");
 131   2                  Delayms(300);
 132   2            }
 133   1            while(0xee != Matrix_key());
 134   1            Delayms(100);
 135   1            Write_cmd(0x01);
 136   1            Delayms(100);
 137   1            
 138   1            
 139   1      }
 140          
 141          
 142          /**
 143            *@brief   LCD显示设置温湿度界面
 144            *@param   void
 145            *@return  void
 146           */
 147          void LCD_ShowSetTH(unsigned char * humHWarn, unsigned char * humLWarn,\
 148                              unsigned char * tmpHWarn, unsigned char * tmpLWarn)
 149          {
 150   1            while(0xee != Matrix_key())
 151   1            {
 152   2                  Matrix_Set_DH(humHWarn,humLWarn,tmpHWarn,tmpLWarn);
 153   2                  Lcd_write_string(0x80,"tmp:");
 154   2                  Lcd_write_string(0xc0,"hum:");
 155   2                  Lcd_write_string(0x85,"MAX");
 156   2                  
 157   2                  Lcd_write_number(1,9,AT24C02_Read(1));
 158   2                  
 159   2                  Lcd_write_string(0x8B,"MIN");       
 160   2                  
 161   2                  Lcd_write_number(1,15,AT24C02_Read(2));
 162   2                  
 163   2                  Lcd_write_string(0xC5,"MAX");
 164   2                  
 165   2                  Lcd_write_number(2,9,AT24C02_Read(3));
 166   2                  
 167   2                  Lcd_write_string(0xCB,"MIN");
 168   2                  
 169   2                  Lcd_write_number(2,15,AT24C02_Read(4));
 170   2            }
 171   1            Write_cmd(0x01);
 172   1            Delayms(1000);
 173   1      }
 174          
 175          
 176          
 177          
 178          
C51 COMPILER V9.54   LCD1602                                                               01/15/2023 20:46:10 PAGE 4   

 179          


MODULE INFORMATION:   STATIC OVERLAYABLE
   CODE SIZE        =    440    ----
   CONSTANT SIZE    =     51    ----
   XDATA SIZE       =   ----    ----
   PDATA SIZE       =   ----    ----
   DATA SIZE        =   ----      20
   IDATA SIZE       =   ----    ----
   BIT SIZE         =   ----    ----
END OF MODULE INFORMATION.


C51 COMPILATION COMPLETE.  0 WARNING(S),  0 ERROR(S)
