C51 COMPILER V9.54   MAIN                                                                  12/20/2022 22:14:46 PAGE 1   


C51 COMPILER V9.54, COMPILATION OF MODULE MAIN
OBJECT MODULE PLACED IN .\Objects\main.obj
COMPILER INVOKED BY: E:\shudian2\5\C51\BIN\C51.EXE main.c OPTIMIZE(8,SPEED) BROWSE DEBUG OBJECTEXTEND PRINT(.\Listings\m
                    -ain.lst) TABS(6) OBJECT(.\Objects\main.obj)

line level    source

   1          #include <REGX52.H>
   2          #include "Timer1.h"
   3          
   4          sbit Motor = P1^0;
   5          int count = 0;
   6          int compare = 0;
   7          
   8          int main()
   9          {
  10   1            
  11   1            Timer0_Init();
  12   1            while(1)
  13   1            {
  14   2                  if(P3_1 == 0) {compare = 1;}
  15   2                  if(P3_0 == 0) {compare = 3;}
  16   2                  if(P3_2 == 0) {compare = 6;}
  17   2                  if(P3_3 == 0) {compare = 9;}
  18   2            }
  19   1            
  20   1            
  21   1            return 0;
  22   1      }
  23          
  24          
  25          void Timer0Routine() interrupt 1
  26          {
  27   1      
  28   1            
  29   1            
  30   1            if(count < compare)
  31   1            {
  32   2                  
  33   2                  Motor = 1;
  34   2      
  35   2            }
  36   1            else if(count >= compare)
  37   1            {
  38   2                  Motor = 0;
  39   2      
  40   2            }
  41   1            
  42   1            count++;
  43   1            count %= 10;
  44   1            
  45   1            TH0 = (65535-100);
  46   1            TL0 = (65535-100);
  47   1            
  48   1      
  49   1      
  50   1      }
*** WARNING C294 IN LINE 21 OF main.c: unreachable code


MODULE INFORMATION:   STATIC OVERLAYABLE
C51 COMPILER V9.54   MAIN                                                                  12/20/2022 22:14:46 PAGE 2   

   CODE SIZE        =    145    ----
   CONSTANT SIZE    =   ----    ----
   XDATA SIZE       =   ----    ----
   PDATA SIZE       =   ----    ----
   DATA SIZE        =      4    ----
   IDATA SIZE       =   ----    ----
   BIT SIZE         =   ----    ----
END OF MODULE INFORMATION.


C51 COMPILATION COMPLETE.  1 WARNING(S),  0 ERROR(S)
